
2013-09-18 12:57:23 255 PipeBiz RealPipeProcess realPipe: A client 接入

2013-09-18 12:57:23 260 PipeBiz RealPipeProcess realPipe: B client 接入

2013-09-18 12:57:23 263 PipeBiz RealPipeProcess RealPipe1Process 线程退出！

2013-09-18 12:57:23 314 PipeBiz RealPipeProcess realPipe: C client 接入

2013-09-18 12:57:23 318 PipeBiz RealPipeProcess RealPipe1Process 线程退出！

2013-09-18 12:57:23 322 PipeBiz RealPipeProcess realPipe: D client 接入

2013-09-18 12:57:23 325 PipeBiz RealPipeProcess RealPipe1Process 线程退出！

2013-09-18 12:57:23 328 PipeBiz HisPipeProcess hisPipe client 接入

2013-09-18 12:57:23 329 PipeBiz HisPipeProcess HisPipeProcess 线程退出！

2013-09-18 12:57:23 332 PipeBiz SamplePipeProcess samplePipe client 接入

2013-09-18 12:57:23 333 PipeBiz SamplePipeProcess SamplePipeProcess 线程退出！

2013-09-18 12:57:23 335 PipeBiz ComparePipeProcess comparePipe client 接入

2013-09-18 12:57:23 336 PipeBiz ComparePipeProcess ComparePipeProcess 线程退出！

2013-09-18 12:57:23 342 ChromatoFrm ChromatoFrm_Load Chromato 载入

2013-09-18 12:57:23 544 ParaBiz 打开文件 文件不存在:D:\Chromato-v3-通用版\bin\Debug\db\201107\通道B_20110730140550.db3

2013-09-18 12:57:23 546 SqliteDbName ConnectDb 路径D:\Chromato-v3-通用版\bin\Debug\db\201107\通道B_20110730140550.db3 没有找到该文件!

2013-09-18 12:57:23 546 SqliteDbName ConnectDb 路径D:\Chromato-v3-通用版\bin\Debug\db\201107\通道B_20110730140550.db3 没有找到该文件!

2013-09-18 13:00:46 030 SqliteDbName ConnectDb 路径D:\Chromato-v3-通用版\bin\Debug\db\201207\通道Fid1_20120706114931.db3 没有找到该文件!

2013-09-18 13:00:46 031 SqliteDbName ConnectDb 路径D:\Chromato-v3-通用版\bin\Debug\db\201207\通道Fid1_20120706114931.db3 没有找到该文件!

2013-09-18 13:00:56 289 SqliteDbName ConnectDb 路径D:\Chromato-v3-通用版\bin\Debug\db\201309\通道Tcd1_20130917100906.db3 没有找到该文件!

2013-09-18 13:00:56 290 SqliteDbName ConnectDb 路径D:\Chromato-v3-通用版\bin\Debug\db\201309\通道Tcd1_20130917100906.db3 没有找到该文件!

2013-09-18 13:00:59 513 SqliteDbName ConnectDb 路径D:\Chromato-v3-通用版\bin\Debug\db\201309\通道Tcd1_20130917161350.db3 没有找到该文件!

2013-09-18 13:00:59 514 SqliteDbName ConnectDb 路径D:\Chromato-v3-通用版\bin\Debug\db\201309\通道Tcd1_20130917161350.db3 没有找到该文件!

2013-09-18 13:01:02 001 SqliteDbName ConnectDb 路径D:\Chromato-v3-通用版\bin\Debug\db\201309\通道Tcd1_20130917095845.db3 没有找到该文件!

2013-09-18 13:01:02 002 SqliteDbName ConnectDb 路径D:\Chromato-v3-通用版\bin\Debug\db\201309\通道Tcd1_20130917095845.db3 没有找到该文件!

2013-09-18 13:01:05 329 SqliteDbName ConnectDb 路径D:\Chromato-v3-通用版\bin\Debug\db\201309\通道Tcd1_20130903150404.db3 没有找到该文件!

2013-09-18 13:01:05 330 SqliteDbName ConnectDb 路径D:\Chromato-v3-通用版\bin\Debug\db\201309\通道Tcd1_20130903150404.db3 没有找到该文件!

2013-09-18 13:01:07 722 SqliteDbName ConnectDb 路径D:\Chromato-v3-通用版\bin\Debug\db\201309\通道Tcd1_20130917095845.db3 没有找到该文件!

2013-09-18 13:01:07 723 SqliteDbName ConnectDb 路径D:\Chromato-v3-通用版\bin\Debug\db\201309\通道Tcd1_20130917095845.db3 没有找到该文件!

2013-09-18 13:01:11 810 SqliteDbName ConnectDb 路径D:\Chromato-v3-通用版\bin\Debug\db\201110\通道Tcd1_20111020175210.db3 没有找到该文件!

2013-09-18 13:01:11 811 SqliteDbName ConnectDb 路径D:\Chromato-v3-通用版\bin\Debug\db\201110\通道Tcd1_20111020175210.db3 没有找到该文件!

2013-09-18 13:01:13 074 SqliteDbName ConnectDb 路径D:\Chromato-v3-通用版\bin\Debug\db\201110\通道Tcd1_20111020175940.db3 没有找到该文件!

2013-09-18 13:01:13 075 SqliteDbName ConnectDb 路径D:\Chromato-v3-通用版\bin\Debug\db\201110\通道Tcd1_20111020175940.db3 没有找到该文件!

2013-09-18 13:01:35 970 ParaBiz 打开文件 文件不存在:D:\Chromato-v3-通用版\bin\Debug\db\201107\通道B_20110730140550.db3

2013-09-18 13:01:35 971 SqliteDbName ConnectDb 路径D:\Chromato-v3-通用版\bin\Debug\db\201107\通道B_20110730140550.db3 没有找到该文件!

2013-09-18 13:01:35 971 SqliteDbName ConnectDb 路径D:\Chromato-v3-通用版\bin\Debug\db\201107\通道B_20110730140550.db3 没有找到该文件!

2013-09-18 13:09:22 903 CommPort CloseLoop count=0

2013-09-18 13:09:22 905 CommPort Close serial port closed
