
2013-09-03 14:38:10 632 PipeBiz RealPipeProcess realPipe: A client 接入

2013-09-03 14:38:10 637 PipeBiz RealPipeProcess RealPipe1Process 线程退出！

2013-09-03 14:38:10 639 PipeBiz RealPipeProcess realPipe: B client 接入

2013-09-03 14:38:10 640 PipeBiz RealPipeProcess RealPipe1Process 线程退出！

2013-09-03 14:38:10 665 PipeBiz RealPipeProcess realPipe: C client 接入

2013-09-03 14:38:10 665 PipeBiz RealPipeProcess RealPipe1Process 线程退出！

2013-09-03 14:38:10 669 PipeBiz RealPipeProcess realPipe: D client 接入

2013-09-03 14:38:10 670 PipeBiz RealPipeProcess RealPipe1Process 线程退出！

2013-09-03 14:38:10 676 PipeBiz HisPipeProcess hisPipe client 接入

2013-09-03 14:38:10 677 PipeBiz HisPipeProcess HisPipeProcess 线程退出！

2013-09-03 14:38:10 680 PipeBiz SamplePipeProcess samplePipe client 接入

2013-09-03 14:38:10 681 PipeBiz SamplePipeProcess SamplePipeProcess 线程退出！

2013-09-03 14:38:10 684 PipeBiz ComparePipeProcess comparePipe client 接入

2013-09-03 14:38:10 684 PipeBiz ComparePipeProcess ComparePipeProcess 线程退出！

2013-09-03 14:38:10 693 ChromatoFrm ChromatoFrm_Load Chromato 载入

2013-09-03 14:38:11 016 ParaBiz 打开文件 文件不存在:D:\Chromato-v3-通用版\bin\Debug\db\201107\通道B_20110730140550.db3

2013-09-03 14:38:11 020 SqliteDbName ConnectDb 路径D:\Chromato-v3-通用版\bin\Debug\db\201107\通道B_20110730140550.db3 没有找到该文件!

2013-09-03 14:38:11 022 SqliteDbName ConnectDb 路径D:\Chromato-v3-通用版\bin\Debug\db\201107\通道B_20110730140550.db3 没有找到该文件!

2013-09-03 14:38:16 617 CommPort Close serial port closed

2013-09-03 14:38:16 794 CommPort OpenSict PortName 不能为空。
参数名: PortName: open failed

2013-09-03 14:38:16 795 CommPort Close 打开串口失败 ！

2013-09-03 14:38:32 596 CommPort Close serial port closed

2013-09-03 14:38:32 601 CommPort OpenSict PortName 不能为空。
参数名: PortName: open failed

2013-09-03 14:38:32 602 CommPort Close 打开串口失败 ！

2013-09-03 14:39:11 709 CommPort Close serial port closed

2013-09-03 14:39:11 722 CommPort OpenSict PortName 不能为空。
参数名: PortName: open failed

2013-09-03 14:39:11 723 CommPort Close 打开串口失败 ！

2013-09-03 14:39:26 788 CommPort Close serial port closed

2013-09-03 14:39:26 829 CommPort OpenSict PortName 不能为空。
参数名: PortName: open failed

2013-09-03 14:45:32 959 PipeBiz RealPipeProcess realPipe: A client 接入

2013-09-03 14:45:32 962 PipeBiz RealPipeProcess RealPipe1Process 线程退出！

2013-09-03 14:45:32 992 PipeBiz RealPipeProcess realPipe: B client 接入

2013-09-03 14:45:32 993 PipeBiz RealPipeProcess RealPipe1Process 线程退出！

2013-09-03 14:45:32 998 PipeBiz RealPipeProcess realPipe: C client 接入

2013-09-03 14:45:32 998 PipeBiz RealPipeProcess RealPipe1Process 线程退出！

2013-09-03 14:45:33 002 PipeBiz RealPipeProcess realPipe: D client 接入

2013-09-03 14:45:33 003 PipeBiz RealPipeProcess RealPipe1Process 线程退出！

2013-09-03 14:45:33 008 PipeBiz HisPipeProcess hisPipe client 接入

2013-09-03 14:45:33 008 PipeBiz HisPipeProcess HisPipeProcess 线程退出！

2013-09-03 14:45:33 012 PipeBiz SamplePipeProcess samplePipe client 接入

2013-09-03 14:45:33 013 PipeBiz SamplePipeProcess SamplePipeProcess 线程退出！

2013-09-03 14:45:33 015 PipeBiz ComparePipeProcess comparePipe client 接入

2013-09-03 14:45:33 016 PipeBiz ComparePipeProcess ComparePipeProcess 线程退出！

2013-09-03 14:45:33 023 ChromatoFrm ChromatoFrm_Load Chromato 载入

2013-09-03 14:45:33 205 ParaBiz 打开文件 文件不存在:D:\Chromato-v3-通用版\bin\Debug\db\201107\通道B_20110730140550.db3

2013-09-03 14:45:33 208 SqliteDbName ConnectDb 路径D:\Chromato-v3-通用版\bin\Debug\db\201107\通道B_20110730140550.db3 没有找到该文件!

2013-09-03 14:45:33 209 SqliteDbName ConnectDb 路径D:\Chromato-v3-通用版\bin\Debug\db\201107\通道B_20110730140550.db3 没有找到该文件!

2013-09-03 14:45:51 783 CommPort Close serial port closed

2013-09-03 14:45:51 804 CommPort OpenSict PortName 不能为空。
参数名: PortName: open failed

2013-09-03 14:45:51 805 CommPort Close 打开串口失败 ！

2013-09-03 14:46:09 973 CommPort Close serial port closed

2013-09-03 14:46:09 984 CommPort OpenSict PortName 不能为空。
参数名: PortName: open failed

2013-09-03 14:46:09 985 CommPort Close 打开串口失败 ！

2013-09-03 14:46:22 141 CommPort Close serial port closed

2013-09-03 14:46:22 148 CommPort OpenSict PortName 不能为空。
参数名: PortName: open failed

2013-09-03 14:46:22 149 CommPort Close 打开串口失败 ！

2013-09-03 14:55:30 174 PipeBiz RealPipeProcess realPipe: A client 接入

2013-09-03 14:55:30 178 PipeBiz RealPipeProcess RealPipe1Process 线程退出！

2013-09-03 14:55:30 205 PipeBiz RealPipeProcess realPipe: B client 接入

2013-09-03 14:55:30 206 PipeBiz RealPipeProcess RealPipe1Process 线程退出！

2013-09-03 14:55:30 210 PipeBiz RealPipeProcess realPipe: C client 接入

2013-09-03 14:55:30 211 PipeBiz RealPipeProcess RealPipe1Process 线程退出！

2013-09-03 14:55:30 215 PipeBiz RealPipeProcess realPipe: D client 接入

2013-09-03 14:55:30 216 PipeBiz RealPipeProcess RealPipe1Process 线程退出！

2013-09-03 14:55:30 220 PipeBiz HisPipeProcess hisPipe client 接入

2013-09-03 14:55:30 220 PipeBiz HisPipeProcess HisPipeProcess 线程退出！

2013-09-03 14:55:30 223 PipeBiz SamplePipeProcess samplePipe client 接入

2013-09-03 14:55:30 224 PipeBiz SamplePipeProcess SamplePipeProcess 线程退出！

2013-09-03 14:55:30 226 PipeBiz ComparePipeProcess comparePipe client 接入

2013-09-03 14:55:30 227 PipeBiz ComparePipeProcess ComparePipeProcess 线程退出！

2013-09-03 14:55:30 234 ChromatoFrm ChromatoFrm_Load Chromato 载入

2013-09-03 14:55:30 438 ParaBiz 打开文件 文件不存在:D:\Chromato-v3-通用版\bin\Debug\db\201107\通道B_20110730140550.db3

2013-09-03 14:55:30 440 SqliteDbName ConnectDb 路径D:\Chromato-v3-通用版\bin\Debug\db\201107\通道B_20110730140550.db3 没有找到该文件!

2013-09-03 14:55:30 441 SqliteDbName ConnectDb 路径D:\Chromato-v3-通用版\bin\Debug\db\201107\通道B_20110730140550.db3 没有找到该文件!

2013-09-03 14:55:34 584 CommPort Close serial port closed

2013-09-03 14:55:34 604 CommPort OpenSict PortName 不能为空。
参数名: PortName: open failed

2013-09-03 14:55:34 604 CommPort Close 打开串口失败 ！

2013-09-03 14:55:42 259 CommPort Close serial port closed

2013-09-03 14:55:42 271 CommPort OpenSict PortName 不能为空。
参数名: PortName: open failed

2013-09-03 14:55:42 272 CommPort Close 打开串口失败 ！

2013-09-03 15:02:45 266 PipeBiz RealPipeProcess realPipe: A client 接入

2013-09-03 15:02:45 270 PipeBiz RealPipeProcess RealPipe1Process 线程退出！

2013-09-03 15:02:45 297 PipeBiz RealPipeProcess realPipe: B client 接入

2013-09-03 15:02:45 297 PipeBiz RealPipeProcess RealPipe1Process 线程退出！

2013-09-03 15:02:45 301 PipeBiz RealPipeProcess realPipe: C client 接入

2013-09-03 15:02:45 301 PipeBiz RealPipeProcess RealPipe1Process 线程退出！

2013-09-03 15:02:45 307 PipeBiz RealPipeProcess realPipe: D client 接入

2013-09-03 15:02:45 307 PipeBiz RealPipeProcess RealPipe1Process 线程退出！

2013-09-03 15:02:45 311 PipeBiz HisPipeProcess hisPipe client 接入

2013-09-03 15:02:45 312 PipeBiz HisPipeProcess HisPipeProcess 线程退出！

2013-09-03 15:02:45 316 PipeBiz SamplePipeProcess samplePipe client 接入

2013-09-03 15:02:45 317 PipeBiz SamplePipeProcess SamplePipeProcess 线程退出！

2013-09-03 15:02:45 319 PipeBiz ComparePipeProcess comparePipe client 接入

2013-09-03 15:02:45 319 PipeBiz ComparePipeProcess ComparePipeProcess 线程退出！

2013-09-03 15:02:45 327 ChromatoFrm ChromatoFrm_Load Chromato 载入

2013-09-03 15:02:45 548 ParaBiz 打开文件 文件不存在:D:\Chromato-v3-通用版\bin\Debug\db\201107\通道B_20110730140550.db3

2013-09-03 15:02:45 551 SqliteDbName ConnectDb 路径D:\Chromato-v3-通用版\bin\Debug\db\201107\通道B_20110730140550.db3 没有找到该文件!

2013-09-03 15:02:45 551 SqliteDbName ConnectDb 路径D:\Chromato-v3-通用版\bin\Debug\db\201107\通道B_20110730140550.db3 没有找到该文件!

2013-09-03 15:04:04 676 CommPort Close serial port closed

2013-09-03 15:04:04 693 CommPort OpenSict PortName 不能为空。
参数名: PortName: open failed

2013-09-03 15:04:04 698 CommPort Close 打开串口失败 ！
