
2013-09-22 11:09:25 128 PipeBiz RealPipeProcess realPipe: A client 接入

2013-09-22 11:09:25 129 PipeBiz RealPipeProcess RealPipe1Process 线程退出！

2013-09-22 11:09:25 166 PipeBiz RealPipeProcess RealPipe1Process 线程退出！

2013-09-22 11:09:25 189 PipeBiz RealPipeProcess realPipe: C client 接入

2013-09-22 11:09:25 190 PipeBiz RealPipeProcess RealPipe1Process 线程退出！

2013-09-22 11:09:25 194 PipeBiz RealPipeProcess realPipe: D client 接入

2013-09-22 11:09:25 194 PipeBiz RealPipeProcess RealPipe1Process 线程退出！

2013-09-22 11:09:25 219 PipeBiz HisPipeProcess hisPipe client 接入

2013-09-22 11:09:25 219 PipeBiz HisPipeProcess HisPipeProcess 线程退出！

2013-09-22 11:09:25 223 PipeBiz SamplePipeProcess samplePipe client 接入

2013-09-22 11:09:25 224 PipeBiz SamplePipeProcess SamplePipeProcess 线程退出！

2013-09-22 11:09:25 226 PipeBiz ComparePipeProcess comparePipe client 接入

2013-09-22 11:09:25 226 PipeBiz ComparePipeProcess ComparePipeProcess 线程退出！

2013-09-22 11:09:25 242 ChromatoFrm ChromatoFrm_Load Chromato 载入

2013-09-22 11:09:25 494 ParaBiz 打开文件 文件不存在:D:\Chromato-v3-通用版\bin\Debug\db\201107\通道B_20110730140550.db3

2013-09-22 11:09:25 507 SqliteDbName ConnectDb 路径D:\Chromato-v3-通用版\bin\Debug\db\201107\通道B_20110730140550.db3 没有找到该文件!

2013-09-22 11:09:25 509 SqliteDbName ConnectDb 路径D:\Chromato-v3-通用版\bin\Debug\db\201107\通道B_20110730140550.db3 没有找到该文件!

2013-09-22 11:09:29 848 CommPort CloseLoop count=0

2013-09-22 11:09:29 849 CommPort Close serial port closed

2013-09-22 12:39:41 878 PipeBiz RealPipeProcess realPipe: A client 接入

2013-09-22 12:39:41 896 PipeBiz RealPipeProcess RealPipe1Process 线程退出！

2013-09-22 12:39:41 899 PipeBiz RealPipeProcess realPipe: B client 接入

2013-09-22 12:39:41 904 PipeBiz RealPipeProcess realPipe: C client 接入

2013-09-22 12:39:41 914 PipeBiz RealPipeProcess RealPipe1Process 线程退出！

2013-09-22 12:39:41 917 PipeBiz RealPipeProcess realPipe: D client 接入

2013-09-22 12:39:41 918 PipeBiz RealPipeProcess RealPipe1Process 线程退出！

2013-09-22 12:39:41 922 PipeBiz HisPipeProcess hisPipe client 接入

2013-09-22 12:39:41 922 PipeBiz HisPipeProcess HisPipeProcess 线程退出！

2013-09-22 12:39:41 927 PipeBiz SamplePipeProcess samplePipe client 接入

2013-09-22 12:39:41 929 PipeBiz SamplePipeProcess SamplePipeProcess 线程退出！

2013-09-22 12:39:41 932 PipeBiz ComparePipeProcess comparePipe client 接入

2013-09-22 12:39:41 932 PipeBiz ComparePipeProcess ComparePipeProcess 线程退出！

2013-09-22 12:39:41 939 ChromatoFrm ChromatoFrm_Load Chromato 载入

2013-09-22 12:39:42 206 ParaBiz 打开文件 文件不存在:D:\Chromato-v3-通用版\bin\Debug\db\201107\通道B_20110730140550.db3

2013-09-22 12:39:42 208 SqliteDbName ConnectDb 路径D:\Chromato-v3-通用版\bin\Debug\db\201107\通道B_20110730140550.db3 没有找到该文件!

2013-09-22 12:39:42 209 SqliteDbName ConnectDb 路径D:\Chromato-v3-通用版\bin\Debug\db\201107\通道B_20110730140550.db3 没有找到该文件!

2013-09-22 12:40:00 762 PipeBiz RealPipeProcess realPipe: A client 接入

2013-09-22 12:40:00 764 PipeBiz RealPipeProcess RealPipe1Process 线程退出！

2013-09-22 12:40:00 804 PipeBiz RealPipeProcess realPipe: B client 接入

2013-09-22 12:40:00 805 PipeBiz RealPipeProcess RealPipe1Process 线程退出！

2013-09-22 12:40:00 808 PipeBiz RealPipeProcess realPipe: C client 接入

2013-09-22 12:40:00 809 PipeBiz RealPipeProcess RealPipe1Process 线程退出！

2013-09-22 12:40:00 813 PipeBiz RealPipeProcess realPipe: D client 接入

2013-09-22 12:40:00 813 PipeBiz RealPipeProcess RealPipe1Process 线程退出！

2013-09-22 12:40:00 822 PipeBiz ComparePipeProcess comparePipe client 接入

2013-09-22 12:40:00 826 PipeBiz ComparePipeProcess ComparePipeProcess 线程退出！

2013-09-22 12:40:00 838 PipeBiz HisPipeProcess HisPipeProcess 线程退出！

2013-09-22 12:40:00 863 ChromatoFrm ChromatoFrm_Load Chromato 载入

2013-09-22 12:40:01 067 ParaBiz 打开文件 文件不存在:D:\Chromato-v3-通用版\bin\Debug\db\201107\通道B_20110730140550.db3

2013-09-22 12:40:01 069 SqliteDbName ConnectDb 路径D:\Chromato-v3-通用版\bin\Debug\db\201107\通道B_20110730140550.db3 没有找到该文件!

2013-09-22 12:40:01 070 SqliteDbName ConnectDb 路径D:\Chromato-v3-通用版\bin\Debug\db\201107\通道B_20110730140550.db3 没有找到该文件!

2013-09-22 12:40:05 301 CommPort CloseLoop count=0

2013-09-22 12:40:05 302 CommPort Close serial port closed

2013-09-22 15:51:34 486 PipeBiz RealPipeProcess realPipe: A client 接入

2013-09-22 15:51:34 507 PipeBiz RealPipeProcess RealPipe1Process 线程退出！

2013-09-22 15:51:34 519 PipeBiz RealPipeProcess realPipe: B client 接入

2013-09-22 15:51:34 524 PipeBiz RealPipeProcess RealPipe1Process 线程退出！

2013-09-22 15:51:34 530 PipeBiz RealPipeProcess realPipe: C client 接入

2013-09-22 15:51:34 532 PipeBiz RealPipeProcess RealPipe1Process 线程退出！

2013-09-22 15:51:34 554 PipeBiz RealPipeProcess realPipe: D client 接入

2013-09-22 15:51:34 555 PipeBiz RealPipeProcess RealPipe1Process 线程退出！

2013-09-22 15:51:34 579 PipeBiz HisPipeProcess hisPipe client 接入

2013-09-22 15:51:34 579 PipeBiz HisPipeProcess HisPipeProcess 线程退出！

2013-09-22 15:51:34 585 PipeBiz SamplePipeProcess samplePipe client 接入

2013-09-22 15:51:34 585 PipeBiz SamplePipeProcess SamplePipeProcess 线程退出！

2013-09-22 15:51:34 588 PipeBiz ComparePipeProcess comparePipe client 接入

2013-09-22 15:51:34 589 PipeBiz ComparePipeProcess ComparePipeProcess 线程退出！

2013-09-22 15:51:34 598 ChromatoFrm ChromatoFrm_Load Chromato 载入

2013-09-22 15:51:34 812 ParaBiz 打开文件 文件不存在:D:\Chromato-v3-通用版\bin\Debug\db\201107\通道B_20110730140550.db3

2013-09-22 15:51:34 815 SqliteDbName ConnectDb 路径D:\Chromato-v3-通用版\bin\Debug\db\201107\通道B_20110730140550.db3 没有找到该文件!

2013-09-22 15:51:34 816 SqliteDbName ConnectDb 路径D:\Chromato-v3-通用版\bin\Debug\db\201107\通道B_20110730140550.db3 没有找到该文件!

2013-09-22 15:51:39 859 CommPort CloseLoop count=0

2013-09-22 15:51:39 865 CommPort Close serial port closed

2013-09-22 15:51:46 282 PipeBiz RealPipeProcess realPipe: A client 接入

2013-09-22 15:51:46 286 PipeBiz RealPipeProcess RealPipe1Process 线程退出！

2013-09-22 15:51:46 313 PipeBiz RealPipeProcess realPipe: B client 接入

2013-09-22 15:51:46 321 PipeBiz RealPipeProcess RealPipe1Process 线程退出！

2013-09-22 15:51:46 324 PipeBiz RealPipeProcess realPipe: C client 接入

2013-09-22 15:51:46 324 PipeBiz RealPipeProcess RealPipe1Process 线程退出！

2013-09-22 15:51:46 329 PipeBiz RealPipeProcess realPipe: D client 接入

2013-09-22 15:51:46 330 PipeBiz RealPipeProcess RealPipe1Process 线程退出！

2013-09-22 15:51:46 334 PipeBiz HisPipeProcess hisPipe client 接入

2013-09-22 15:51:46 335 PipeBiz HisPipeProcess HisPipeProcess 线程退出！

2013-09-22 15:51:46 338 PipeBiz SamplePipeProcess samplePipe client 接入

2013-09-22 15:51:46 339 PipeBiz SamplePipeProcess SamplePipeProcess 线程退出！

2013-09-22 15:51:46 341 PipeBiz ComparePipeProcess comparePipe client 接入

2013-09-22 15:51:46 341 PipeBiz ComparePipeProcess ComparePipeProcess 线程退出！

2013-09-22 15:51:46 348 ChromatoFrm ChromatoFrm_Load Chromato 载入

2013-09-22 15:51:46 557 ParaBiz 打开文件 文件不存在:D:\Chromato-v3-通用版\bin\Debug\db\201107\通道B_20110730140550.db3

2013-09-22 15:51:46 559 SqliteDbName ConnectDb 路径D:\Chromato-v3-通用版\bin\Debug\db\201107\通道B_20110730140550.db3 没有找到该文件!

2013-09-22 15:51:46 559 SqliteDbName ConnectDb 路径D:\Chromato-v3-通用版\bin\Debug\db\201107\通道B_20110730140550.db3 没有找到该文件!

2013-09-22 15:51:50 102 CommPort CloseLoop count=0

2013-09-22 15:51:50 104 CommPort Close serial port closed

2013-09-22 15:51:55 999 PipeBiz RealPipeProcess realPipe: A client 接入

2013-09-22 15:51:56 009 PipeBiz RealPipeProcess RealPipe1Process 线程退出！

2013-09-22 15:51:56 026 PipeBiz RealPipeProcess realPipe: B client 接入

2013-09-22 15:51:56 026 PipeBiz RealPipeProcess RealPipe1Process 线程退出！

2013-09-22 15:51:56 030 PipeBiz RealPipeProcess realPipe: C client 接入

2013-09-22 15:51:56 031 PipeBiz RealPipeProcess RealPipe1Process 线程退出！

2013-09-22 15:51:56 035 PipeBiz RealPipeProcess realPipe: D client 接入

2013-09-22 15:51:56 037 PipeBiz RealPipeProcess RealPipe1Process 线程退出！

2013-09-22 15:51:56 040 PipeBiz HisPipeProcess hisPipe client 接入

2013-09-22 15:51:56 040 PipeBiz HisPipeProcess HisPipeProcess 线程退出！

2013-09-22 15:51:56 044 PipeBiz SamplePipeProcess samplePipe client 接入

2013-09-22 15:51:56 051 PipeBiz SamplePipeProcess SamplePipeProcess 线程退出！

2013-09-22 15:51:56 055 PipeBiz ComparePipeProcess ComparePipeProcess 线程退出！

2013-09-22 15:51:56 058 ChromatoFrm ChromatoFrm_Load Chromato 载入

2013-09-22 15:51:56 261 ParaBiz 打开文件 文件不存在:D:\Chromato-v3-通用版\bin\Debug\db\201107\通道B_20110730140550.db3

2013-09-22 15:51:56 263 SqliteDbName ConnectDb 路径D:\Chromato-v3-通用版\bin\Debug\db\201107\通道B_20110730140550.db3 没有找到该文件!

2013-09-22 15:51:56 263 SqliteDbName ConnectDb 路径D:\Chromato-v3-通用版\bin\Debug\db\201107\通道B_20110730140550.db3 没有找到该文件!

2013-09-22 15:51:59 669 CommPort CloseLoop count=0

2013-09-22 15:51:59 670 CommPort Close serial port closed

2013-09-22 15:52:08 959 PipeBiz RealPipeProcess realPipe: A client 接入

2013-09-22 15:52:08 960 PipeBiz RealPipeProcess RealPipe1Process 线程退出！

2013-09-22 15:52:08 979 PipeBiz RealPipeProcess realPipe: B client 接入

2013-09-22 15:52:08 980 PipeBiz RealPipeProcess RealPipe1Process 线程退出！

2013-09-22 15:52:08 983 PipeBiz RealPipeProcess realPipe: C client 接入

2013-09-22 15:52:08 984 PipeBiz RealPipeProcess RealPipe1Process 线程退出！

2013-09-22 15:52:09 007 PipeBiz RealPipeProcess realPipe: D client 接入

2013-09-22 15:52:09 008 PipeBiz RealPipeProcess RealPipe1Process 线程退出！

2013-09-22 15:52:09 011 PipeBiz HisPipeProcess hisPipe client 接入

2013-09-22 15:52:09 014 PipeBiz HisPipeProcess HisPipeProcess 线程退出！

2013-09-22 15:52:09 016 PipeBiz SamplePipeProcess samplePipe client 接入

2013-09-22 15:52:09 017 PipeBiz SamplePipeProcess SamplePipeProcess 线程退出！

2013-09-22 15:52:09 019 PipeBiz ComparePipeProcess comparePipe client 接入

2013-09-22 15:52:09 019 PipeBiz ComparePipeProcess ComparePipeProcess 线程退出！

2013-09-22 15:52:09 026 ChromatoFrm ChromatoFrm_Load Chromato 载入

2013-09-22 15:52:09 237 ParaBiz 打开文件 文件不存在:D:\Chromato-v3-通用版\bin\Debug\db\201107\通道B_20110730140550.db3

2013-09-22 15:52:09 239 SqliteDbName ConnectDb 路径D:\Chromato-v3-通用版\bin\Debug\db\201107\通道B_20110730140550.db3 没有找到该文件!

2013-09-22 15:52:09 240 SqliteDbName ConnectDb 路径D:\Chromato-v3-通用版\bin\Debug\db\201107\通道B_20110730140550.db3 没有找到该文件!

2013-09-22 15:52:12 686 CommPort CloseLoop count=0

2013-09-22 15:52:12 687 CommPort Close serial port closed
