
2013-09-28 08:50:23 915 PipeBiz RealPipeProcess realPipe: A client 接入

2013-09-28 08:50:23 939 PipeBiz RealPipeProcess RealPipe1Process 线程退出！

2013-09-28 08:50:23 945 PipeBiz RealPipeProcess realPipe: C client 接入

2013-09-28 08:50:23 945 PipeBiz RealPipeProcess RealPipe1Process 线程退出！

2013-09-28 08:50:23 949 PipeBiz RealPipeProcess RealPipe1Process 线程退出！

2013-09-28 08:50:23 952 PipeBiz RealPipeProcess realPipe: D client 接入

2013-09-28 08:50:23 952 PipeBiz RealPipeProcess RealPipe1Process 线程退出！

2013-09-28 08:50:23 956 PipeBiz HisPipeProcess hisPipe client 接入

2013-09-28 08:50:23 956 PipeBiz HisPipeProcess HisPipeProcess 线程退出！

2013-09-28 08:50:23 960 PipeBiz SamplePipeProcess samplePipe client 接入

2013-09-28 08:50:23 961 PipeBiz SamplePipeProcess SamplePipeProcess 线程退出！

2013-09-28 08:50:23 963 PipeBiz ComparePipeProcess comparePipe client 接入

2013-09-28 08:50:23 964 PipeBiz ComparePipeProcess ComparePipeProcess 线程退出！

2013-09-28 08:50:23 971 ChromatoFrm ChromatoFrm_Load Chromato 载入

2013-09-28 08:50:24 107 ParaBiz 打开文件 文件不存在:D:\Chromato-v3-通用版\bin\Debug\db\201107\通道B_20110730140550.db3

2013-09-28 08:50:24 110 SqliteDbName ConnectDb 路径D:\Chromato-v3-通用版\bin\Debug\db\201107\通道B_20110730140550.db3 没有找到该文件!

2013-09-28 08:50:24 110 SqliteDbName ConnectDb 路径D:\Chromato-v3-通用版\bin\Debug\db\201107\通道B_20110730140550.db3 没有找到该文件!

2013-09-28 09:04:03 985 CommPort Close serial port closed

2013-09-28 09:04:04 046 CommPort OpenSict PortName 不能为空。
参数名: PortName: open failed

2013-09-28 09:04:04 047 CommPort Close 打开串口失败 ！
