
2013-09-09 09:23:51 838 PipeBiz RealPipeProcess realPipe: A client 接入

2013-09-09 09:23:51 871 PipeBiz RealPipeProcess realPipe: C client 接入

2013-09-09 09:23:51 882 PipeBiz RealPipeProcess RealPipe1Process 线程退出！

2013-09-09 09:23:51 898 PipeBiz RealPipeProcess RealPipe1Process 线程退出！

2013-09-09 09:23:51 900 PipeBiz RealPipeProcess realPipe: D client 接入

2013-09-09 09:23:51 900 PipeBiz RealPipeProcess RealPipe1Process 线程退出！

2013-09-09 09:23:51 904 PipeBiz HisPipeProcess hisPipe client 接入

2013-09-09 09:23:51 904 PipeBiz HisPipeProcess HisPipeProcess 线程退出！

2013-09-09 09:23:51 907 PipeBiz SamplePipeProcess samplePipe client 接入

2013-09-09 09:23:51 908 PipeBiz SamplePipeProcess SamplePipeProcess 线程退出！

2013-09-09 09:23:51 910 PipeBiz ComparePipeProcess comparePipe client 接入

2013-09-09 09:23:51 911 PipeBiz ComparePipeProcess ComparePipeProcess 线程退出！

2013-09-09 09:23:51 937 ChromatoFrm ChromatoFrm_Load Chromato 载入

2013-09-09 09:23:52 230 ParaBiz 打开文件 文件不存在:D:\Chromato-v3-通用版\bin\Debug\db\201107\通道B_20110730140550.db3

2013-09-09 09:23:52 235 SqliteDbName ConnectDb 路径D:\Chromato-v3-通用版\bin\Debug\db\201107\通道B_20110730140550.db3 没有找到该文件!

2013-09-09 09:23:52 237 SqliteDbName ConnectDb 路径D:\Chromato-v3-通用版\bin\Debug\db\201107\通道B_20110730140550.db3 没有找到该文件!

2013-09-09 10:54:58 620 PipeBiz RealPipeProcess realPipe: A client 接入

2013-09-09 10:54:58 623 PipeBiz RealPipeProcess RealPipe1Process 线程退出！

2013-09-09 10:54:58 673 PipeBiz RealPipeProcess realPipe: B client 接入

2013-09-09 10:54:58 674 PipeBiz RealPipeProcess RealPipe1Process 线程退出！

2013-09-09 10:54:58 677 PipeBiz RealPipeProcess realPipe: C client 接入

2013-09-09 10:54:58 678 PipeBiz RealPipeProcess RealPipe1Process 线程退出！

2013-09-09 10:54:58 702 PipeBiz RealPipeProcess realPipe: D client 接入

2013-09-09 10:54:58 703 PipeBiz RealPipeProcess RealPipe1Process 线程退出！

2013-09-09 10:54:58 707 PipeBiz HisPipeProcess hisPipe client 接入

2013-09-09 10:54:58 708 PipeBiz HisPipeProcess HisPipeProcess 线程退出！

2013-09-09 10:54:58 712 PipeBiz SamplePipeProcess samplePipe client 接入

2013-09-09 10:54:58 712 PipeBiz SamplePipeProcess SamplePipeProcess 线程退出！

2013-09-09 10:54:58 714 PipeBiz ComparePipeProcess comparePipe client 接入

2013-09-09 10:54:58 715 PipeBiz ComparePipeProcess ComparePipeProcess 线程退出！

2013-09-09 10:54:58 724 ChromatoFrm ChromatoFrm_Load Chromato 载入

2013-09-09 10:54:58 946 ParaBiz 打开文件 文件不存在:D:\Chromato-v3-通用版\bin\Debug\db\201107\通道B_20110730140550.db3

2013-09-09 10:54:58 948 SqliteDbName ConnectDb 路径D:\Chromato-v3-通用版\bin\Debug\db\201107\通道B_20110730140550.db3 没有找到该文件!

2013-09-09 10:54:58 949 SqliteDbName ConnectDb 路径D:\Chromato-v3-通用版\bin\Debug\db\201107\通道B_20110730140550.db3 没有找到该文件!

2013-09-09 10:55:25 738 CommPort Close serial port closed

2013-09-09 10:55:25 922 CommPort OpenSict PortName 不能为空。
参数名: PortName: open failed

2013-09-09 10:55:25 923 CommPort Close 打开串口失败 ！

2013-09-09 10:57:13 382 PipeBiz RealPipeProcess realPipe: A client 接入

2013-09-09 10:57:13 390 PipeBiz RealPipeProcess RealPipe1Process 线程退出！

2013-09-09 10:57:13 417 PipeBiz RealPipeProcess realPipe: B client 接入

2013-09-09 10:57:13 417 PipeBiz RealPipeProcess RealPipe1Process 线程退出！

2013-09-09 10:57:13 420 PipeBiz RealPipeProcess realPipe: C client 接入

2013-09-09 10:57:13 421 PipeBiz RealPipeProcess RealPipe1Process 线程退出！

2013-09-09 10:57:13 424 PipeBiz RealPipeProcess realPipe: D client 接入

2013-09-09 10:57:13 425 PipeBiz RealPipeProcess RealPipe1Process 线程退出！

2013-09-09 10:57:13 429 PipeBiz HisPipeProcess hisPipe client 接入

2013-09-09 10:57:13 429 PipeBiz HisPipeProcess HisPipeProcess 线程退出！

2013-09-09 10:57:13 433 PipeBiz SamplePipeProcess samplePipe client 接入

2013-09-09 10:57:13 433 PipeBiz SamplePipeProcess SamplePipeProcess 线程退出！

2013-09-09 10:57:13 435 PipeBiz ComparePipeProcess comparePipe client 接入

2013-09-09 10:57:13 436 PipeBiz ComparePipeProcess ComparePipeProcess 线程退出！

2013-09-09 10:57:13 445 ChromatoFrm ChromatoFrm_Load Chromato 载入

2013-09-09 10:57:13 637 ParaBiz 打开文件 文件不存在:D:\Chromato-v3-通用版\bin\Debug\db\201107\通道B_20110730140550.db3

2013-09-09 10:57:13 648 SqliteDbName ConnectDb 路径D:\Chromato-v3-通用版\bin\Debug\db\201107\通道B_20110730140550.db3 没有找到该文件!

2013-09-09 10:57:13 649 SqliteDbName ConnectDb 路径D:\Chromato-v3-通用版\bin\Debug\db\201107\通道B_20110730140550.db3 没有找到该文件!
