
2013-09-17 09:50:56 863 PipeBiz RealPipeProcess realPipe: A client 接入

2013-09-17 09:50:56 865 PipeBiz RealPipeProcess RealPipe1Process 线程退出！

2013-09-17 09:50:56 934 PipeBiz RealPipeProcess RealPipe1Process 线程退出！

2013-09-17 09:50:56 936 PipeBiz RealPipeProcess realPipe: C client 接入

2013-09-17 09:50:56 937 PipeBiz RealPipeProcess RealPipe1Process 线程退出！

2013-09-17 09:50:56 944 PipeBiz RealPipeProcess realPipe: D client 接入

2013-09-17 09:50:56 945 PipeBiz RealPipeProcess RealPipe1Process 线程退出！

2013-09-17 09:50:56 973 PipeBiz ComparePipeProcess comparePipe client 接入

2013-09-17 09:50:56 975 PipeBiz ComparePipeProcess ComparePipeProcess 线程退出！

2013-09-17 09:50:57 110 PipeBiz SamplePipeProcess samplePipe client 接入

2013-09-17 09:50:57 113 PipeBiz SamplePipeProcess SamplePipeProcess 线程退出！

2013-09-17 09:50:57 119 ChromatoFrm ChromatoFrm_Load Chromato 载入

2013-09-17 09:50:57 412 ParaBiz 打开文件 文件不存在:D:\Chromato-v3-通用版\bin\Debug\db\201107\通道B_20110730140550.db3

2013-09-17 09:50:57 414 SqliteDbName ConnectDb 路径D:\Chromato-v3-通用版\bin\Debug\db\201107\通道B_20110730140550.db3 没有找到该文件!

2013-09-17 09:50:57 415 SqliteDbName ConnectDb 路径D:\Chromato-v3-通用版\bin\Debug\db\201107\通道B_20110730140550.db3 没有找到该文件!

2013-09-17 09:58:30 973 CommPort Close serial port closed

2013-09-17 09:58:31 093 CommPort OpenSict PortName 不能为空。
参数名: PortName: open failed

2013-09-17 09:58:31 093 CommPort Close 打开串口失败 ！

2013-09-17 09:58:45 695 CommPort Close serial port closed

2013-09-17 09:58:45 708 CommPort OpenSict PortName 不能为空。
参数名: PortName: open failed

2013-09-17 09:58:45 709 CommPort Close 打开串口失败 ！

2013-09-17 09:58:59 064 CommPort Close serial port closed

2013-09-17 09:58:59 070 CommPort OpenSict PortName 不能为空。
参数名: PortName: open failed

2013-09-17 09:58:59 070 CommPort Close 打开串口失败 ！

2013-09-17 10:00:16 498 PipeBiz RealPipeProcess realPipe: A client 接入

2013-09-17 10:00:16 503 PipeBiz RealPipeProcess RealPipe1Process 线程退出！

2013-09-17 10:00:16 535 PipeBiz RealPipeProcess realPipe: B client 接入

2013-09-17 10:00:16 536 PipeBiz RealPipeProcess RealPipe1Process 线程退出！

2013-09-17 10:00:16 540 PipeBiz RealPipeProcess realPipe: C client 接入

2013-09-17 10:00:16 540 PipeBiz RealPipeProcess RealPipe1Process 线程退出！

2013-09-17 10:00:16 545 PipeBiz RealPipeProcess realPipe: D client 接入

2013-09-17 10:00:16 545 PipeBiz RealPipeProcess RealPipe1Process 线程退出！

2013-09-17 10:00:16 550 PipeBiz HisPipeProcess hisPipe client 接入

2013-09-17 10:00:16 550 PipeBiz HisPipeProcess HisPipeProcess 线程退出！

2013-09-17 10:00:16 554 PipeBiz SamplePipeProcess samplePipe client 接入

2013-09-17 10:00:16 554 PipeBiz SamplePipeProcess SamplePipeProcess 线程退出！

2013-09-17 10:00:16 557 PipeBiz ComparePipeProcess comparePipe client 接入

2013-09-17 10:00:16 558 PipeBiz ComparePipeProcess ComparePipeProcess 线程退出！

2013-09-17 10:00:16 566 ChromatoFrm ChromatoFrm_Load Chromato 载入

2013-09-17 10:00:16 768 ParaBiz 打开文件 文件不存在:D:\Chromato-v3-通用版\bin\Debug\db\201107\通道B_20110730140550.db3

2013-09-17 10:00:16 770 SqliteDbName ConnectDb 路径D:\Chromato-v3-通用版\bin\Debug\db\201107\通道B_20110730140550.db3 没有找到该文件!

2013-09-17 10:00:16 771 SqliteDbName ConnectDb 路径D:\Chromato-v3-通用版\bin\Debug\db\201107\通道B_20110730140550.db3 没有找到该文件!

2013-09-17 10:49:54 494 PipeBiz RealPipeProcess realPipe: A client 接入

2013-09-17 10:49:54 497 PipeBiz RealPipeProcess RealPipe1Process 线程退出！

2013-09-17 10:49:54 524 PipeBiz RealPipeProcess realPipe: B client 接入

2013-09-17 10:49:54 524 PipeBiz RealPipeProcess RealPipe1Process 线程退出！

2013-09-17 10:49:54 528 PipeBiz RealPipeProcess realPipe: C client 接入

2013-09-17 10:49:54 528 PipeBiz RealPipeProcess RealPipe1Process 线程退出！

2013-09-17 10:49:54 533 PipeBiz RealPipeProcess realPipe: D client 接入

2013-09-17 10:49:54 533 PipeBiz RealPipeProcess RealPipe1Process 线程退出！

2013-09-17 10:49:54 537 PipeBiz HisPipeProcess hisPipe client 接入

2013-09-17 10:49:54 537 PipeBiz HisPipeProcess HisPipeProcess 线程退出！

2013-09-17 10:49:54 540 PipeBiz SamplePipeProcess samplePipe client 接入

2013-09-17 10:49:54 541 PipeBiz SamplePipeProcess SamplePipeProcess 线程退出！

2013-09-17 10:49:54 543 PipeBiz ComparePipeProcess comparePipe client 接入

2013-09-17 10:49:54 543 PipeBiz ComparePipeProcess ComparePipeProcess 线程退出！

2013-09-17 10:49:54 551 ChromatoFrm ChromatoFrm_Load Chromato 载入

2013-09-17 10:49:54 753 ParaBiz 打开文件 文件不存在:D:\Chromato-v3-通用版\bin\Debug\db\201107\通道B_20110730140550.db3

2013-09-17 10:49:54 755 SqliteDbName ConnectDb 路径D:\Chromato-v3-通用版\bin\Debug\db\201107\通道B_20110730140550.db3 没有找到该文件!

2013-09-17 10:49:54 756 SqliteDbName ConnectDb 路径D:\Chromato-v3-通用版\bin\Debug\db\201107\通道B_20110730140550.db3 没有找到该文件!

2013-09-17 14:31:14 071 PipeBiz RealPipeProcess realPipe: A client 接入

2013-09-17 14:31:14 080 PipeBiz RealPipeProcess RealPipe1Process 线程退出！

2013-09-17 14:31:14 088 PipeBiz RealPipeProcess realPipe: B client 接入

2013-09-17 14:31:14 089 PipeBiz RealPipeProcess RealPipe1Process 线程退出！

2013-09-17 14:31:14 113 PipeBiz RealPipeProcess realPipe: C client 接入

2013-09-17 14:31:14 113 PipeBiz RealPipeProcess RealPipe1Process 线程退出！

2013-09-17 14:31:14 138 PipeBiz RealPipeProcess realPipe: D client 接入

2013-09-17 14:31:14 139 PipeBiz RealPipeProcess RealPipe1Process 线程退出！

2013-09-17 14:31:14 143 PipeBiz HisPipeProcess hisPipe client 接入

2013-09-17 14:31:14 143 PipeBiz HisPipeProcess HisPipeProcess 线程退出！

2013-09-17 14:31:14 146 PipeBiz SamplePipeProcess samplePipe client 接入

2013-09-17 14:31:14 147 PipeBiz SamplePipeProcess SamplePipeProcess 线程退出！

2013-09-17 14:31:14 150 PipeBiz ComparePipeProcess comparePipe client 接入

2013-09-17 14:31:14 150 PipeBiz ComparePipeProcess ComparePipeProcess 线程退出！

2013-09-17 14:31:16 696 ChromatoFrm ChromatoFrm_Load Chromato 载入

2013-09-17 14:34:50 436 ParaBiz 打开文件 文件不存在:D:\Chromato-v3-通用版\bin\Debug\db\201107\通道B_20110730140550.db3

2013-09-17 14:34:50 439 SqliteDbName ConnectDb 路径D:\Chromato-v3-通用版\bin\Debug\db\201107\通道B_20110730140550.db3 没有找到该文件!

2013-09-17 14:34:50 440 SqliteDbName ConnectDb 路径D:\Chromato-v3-通用版\bin\Debug\db\201107\通道B_20110730140550.db3 没有找到该文件!

2013-09-17 14:35:19 185 CommPort Close serial port closed

2013-09-17 14:35:19 394 CommPort OpenSict PortName 不能为空。
参数名: PortName: open failed

2013-09-17 14:35:19 394 CommPort Close 打开串口失败 ！

2013-09-17 15:50:25 214 PipeBiz RealPipeProcess realPipe: A client 接入

2013-09-17 15:50:25 217 PipeBiz RealPipeProcess RealPipe1Process 线程退出！

2013-09-17 15:50:25 240 PipeBiz RealPipeProcess realPipe: B client 接入

2013-09-17 15:50:25 240 PipeBiz RealPipeProcess RealPipe1Process 线程退出！

2013-09-17 15:50:25 245 PipeBiz RealPipeProcess realPipe: C client 接入

2013-09-17 15:50:25 245 PipeBiz RealPipeProcess RealPipe1Process 线程退出！

2013-09-17 15:50:25 249 PipeBiz RealPipeProcess realPipe: D client 接入

2013-09-17 15:50:25 252 PipeBiz RealPipeProcess RealPipe1Process 线程退出！

2013-09-17 15:50:25 255 PipeBiz HisPipeProcess hisPipe client 接入

2013-09-17 15:50:25 255 PipeBiz HisPipeProcess HisPipeProcess 线程退出！

2013-09-17 15:50:25 260 PipeBiz SamplePipeProcess samplePipe client 接入

2013-09-17 15:50:25 260 PipeBiz SamplePipeProcess SamplePipeProcess 线程退出！

2013-09-17 15:50:25 263 PipeBiz ComparePipeProcess comparePipe client 接入

2013-09-17 15:50:25 264 PipeBiz ComparePipeProcess ComparePipeProcess 线程退出！

2013-09-17 15:50:25 271 ChromatoFrm ChromatoFrm_Load Chromato 载入

2013-09-17 15:50:39 179 ParaBiz 打开文件 文件不存在:D:\Chromato-v3-通用版\bin\Debug\db\201107\通道B_20110730140550.db3

2013-09-17 15:50:39 182 SqliteDbName ConnectDb 路径D:\Chromato-v3-通用版\bin\Debug\db\201107\通道B_20110730140550.db3 没有找到该文件!

2013-09-17 15:50:39 183 SqliteDbName ConnectDb 路径D:\Chromato-v3-通用版\bin\Debug\db\201107\通道B_20110730140550.db3 没有找到该文件!

2013-09-17 16:18:48 618 CommPort Close serial port closed

2013-09-17 16:19:28 464 CommPort OpenSict PortName 不能为空。
参数名: PortName: open failed

2013-09-17 16:19:48 515 CommPort Close 打开串口失败 ！
