
2013-09-26 09:30:46 851 PipeBiz RealPipeProcess realPipe: A client 接入

2013-09-26 09:30:46 995 PipeBiz RealPipeProcess realPipe: C client 接入

2013-09-26 09:30:46 996 PipeBiz RealPipeProcess RealPipe1Process 线程退出！

2013-09-26 09:30:46 999 PipeBiz RealPipeProcess RealPipe1Process 线程退出！

2013-09-26 09:30:47 004 PipeBiz RealPipeProcess realPipe: D client 接入

2013-09-26 09:30:47 005 PipeBiz RealPipeProcess RealPipe1Process 线程退出！

2013-09-26 09:30:47 009 PipeBiz HisPipeProcess hisPipe client 接入

2013-09-26 09:30:47 010 PipeBiz HisPipeProcess HisPipeProcess 线程退出！

2013-09-26 09:30:47 014 PipeBiz SamplePipeProcess samplePipe client 接入

2013-09-26 09:30:47 014 PipeBiz SamplePipeProcess SamplePipeProcess 线程退出！

2013-09-26 09:30:47 017 PipeBiz ComparePipeProcess comparePipe client 接入

2013-09-26 09:30:47 017 PipeBiz ComparePipeProcess ComparePipeProcess 线程退出！

2013-09-26 09:30:47 026 ChromatoFrm ChromatoFrm_Load Chromato 载入

2013-09-26 09:30:47 348 ParaBiz 打开文件 文件不存在:D:\Chromato-v3-通用版\bin\Debug\db\201107\通道B_20110730140550.db3

2013-09-26 09:30:47 368 SqliteDbName ConnectDb 路径D:\Chromato-v3-通用版\bin\Debug\db\201107\通道B_20110730140550.db3 没有找到该文件!

2013-09-26 09:30:47 369 SqliteDbName ConnectDb 路径D:\Chromato-v3-通用版\bin\Debug\db\201107\通道B_20110730140550.db3 没有找到该文件!

2013-09-26 09:31:18 356 CommPort Close serial port closed

2013-09-26 09:31:18 472 CommPort OpenSict PortName 不能为空。
参数名: PortName: open failed

2013-09-26 09:31:18 472 CommPort Close 打开串口失败 ！

2013-09-26 10:03:20 884 CommPort Close serial port closed

2013-09-26 10:03:20 896 CommPort OpenSict PortName 不能为空。
参数名: PortName: open failed

2013-09-26 10:03:20 897 CommPort Close 打开串口失败 ！

2013-09-26 10:03:46 872 CommPort Close serial port closed

2013-09-26 10:03:46 882 CommPort OpenSict PortName 不能为空。
参数名: PortName: open failed

2013-09-26 10:03:46 883 CommPort Close 打开串口失败 ！

2013-09-26 12:53:57 105 PipeBiz RealPipeProcess realPipe: A client 接入

2013-09-26 12:53:57 107 PipeBiz RealPipeProcess RealPipe1Process 线程退出！

2013-09-26 12:53:57 139 PipeBiz RealPipeProcess realPipe: B client 接入

2013-09-26 12:53:57 139 PipeBiz RealPipeProcess RealPipe1Process 线程退出！

2013-09-26 12:53:57 175 PipeBiz RealPipeProcess realPipe: C client 接入

2013-09-26 12:53:57 176 PipeBiz RealPipeProcess RealPipe1Process 线程退出！

2013-09-26 12:53:57 181 PipeBiz RealPipeProcess realPipe: D client 接入

2013-09-26 12:53:57 182 PipeBiz RealPipeProcess RealPipe1Process 线程退出！

2013-09-26 12:53:57 186 PipeBiz HisPipeProcess hisPipe client 接入

2013-09-26 12:53:57 187 PipeBiz HisPipeProcess HisPipeProcess 线程退出！

2013-09-26 12:53:57 191 PipeBiz SamplePipeProcess samplePipe client 接入

2013-09-26 12:53:57 191 PipeBiz SamplePipeProcess SamplePipeProcess 线程退出！

2013-09-26 12:53:57 195 PipeBiz ComparePipeProcess comparePipe client 接入

2013-09-26 12:53:57 195 PipeBiz ComparePipeProcess ComparePipeProcess 线程退出！

2013-09-26 12:53:57 206 ChromatoFrm ChromatoFrm_Load Chromato 载入

2013-09-26 12:53:57 379 ParaBiz 打开文件 文件不存在:D:\Chromato-v3-通用版\bin\Debug\db\201107\通道B_20110730140550.db3

2013-09-26 12:53:57 382 SqliteDbName ConnectDb 路径D:\Chromato-v3-通用版\bin\Debug\db\201107\通道B_20110730140550.db3 没有找到该文件!

2013-09-26 12:53:57 383 SqliteDbName ConnectDb 路径D:\Chromato-v3-通用版\bin\Debug\db\201107\通道B_20110730140550.db3 没有找到该文件!

2013-09-26 15:04:19 310 CommPort Close serial port closed

2013-09-26 15:04:19 330 CommPort OpenSict PortName 不能为空。
参数名: PortName: open failed

2013-09-26 15:04:19 331 CommPort Close 打开串口失败 ！
