
2011-12-06 16:09:11 656 PipeBiz RealPipeProcess realPipe: A client 接入

2011-12-06 16:09:11 671 PipeBiz RealPipeProcess RealPipe1Process 线程退出！

2011-12-06 16:09:11 718 PipeBiz RealPipeProcess realPipe: B client 接入

2011-12-06 16:09:11 718 PipeBiz RealPipeProcess RealPipe1Process 线程退出！

2011-12-06 16:09:11 718 PipeBiz RealPipeProcess realPipe: C client 接入

2011-12-06 16:09:11 718 PipeBiz RealPipeProcess RealPipe1Process 线程退出！

2011-12-06 16:09:11 734 PipeBiz RealPipeProcess realPipe: D client 接入

2011-12-06 16:09:11 734 PipeBiz RealPipeProcess RealPipe1Process 线程退出！

2011-12-06 16:09:11 734 PipeBiz HisPipeProcess hisPipe client 接入

2011-12-06 16:09:11 734 PipeBiz HisPipeProcess HisPipeProcess 线程退出！

2011-12-06 16:09:11 750 PipeBiz SamplePipeProcess samplePipe client 接入

2011-12-06 16:09:11 750 PipeBiz SamplePipeProcess SamplePipeProcess 线程退出！

2011-12-06 16:09:11 765 PipeBiz ComparePipeProcess comparePipe client 接入

2011-12-06 16:09:11 765 PipeBiz ComparePipeProcess ComparePipeProcess 线程退出！

2011-12-06 16:09:11 765 ChromatoFrm ChromatoFrm_Load Chromato 载入

2011-12-06 16:09:12 046 ParaBiz 打开文件 文件不存在:F:\Chromato-v3-通用版\bin\Debug\db\201107\通道B_20110730140550.db3

2011-12-06 16:09:12 062 SqliteDbName ConnectDb 路径F:\Chromato-v3-通用版\bin\Debug\db\201107\通道B_20110730140550.db3 没有找到该文件!

2011-12-06 16:09:12 062 SqliteDbName ConnectDb 路径F:\Chromato-v3-通用版\bin\Debug\db\201107\通道B_20110730140550.db3 没有找到该文件!

2011-12-06 16:09:19 812 CommPort CloseLoop count=0

2011-12-06 16:09:19 812 CommPort Close serial port closed
