
2010-11-28 23:53:56 356 PipeBiz RealPipeProcess realPipe: A client Ú“ü

2010-11-28 23:53:56 372 PipeBiz RealPipeProcess RealPipe1Process ?’ö‘ŞoI

2010-11-28 23:53:56 434 PipeBiz RealPipeProcess realPipe: B client Ú“ü

2010-11-28 23:53:56 434 PipeBiz RealPipeProcess RealPipe1Process ?’ö‘ŞoI

2010-11-28 23:53:56 450 PipeBiz RealPipeProcess realPipe: C client Ú“ü

2010-11-28 23:53:56 450 PipeBiz RealPipeProcess RealPipe1Process ?’ö‘ŞoI

2010-11-28 23:53:56 450 PipeBiz RealPipeProcess realPipe: D client Ú“ü

2010-11-28 23:53:56 450 PipeBiz RealPipeProcess RealPipe1Process ?’ö‘ŞoI

2010-11-28 23:53:56 465 PipeBiz HisPipeProcess hisPipe client Ú“ü

2010-11-28 23:53:56 465 PipeBiz HisPipeProcess HisPipeProcess ?’ö‘ŞoI

2010-11-28 23:53:56 497 PipeBiz SamplePipeProcess samplePipe client Ú“ü

2010-11-28 23:53:56 497 PipeBiz SamplePipeProcess SamplePipeProcess ?’ö‘ŞoI

2010-11-28 23:53:56 512 PipeBiz ComparePipeProcess comparePipe client Ú“ü

2010-11-28 23:53:56 512 PipeBiz ComparePipeProcess ComparePipeProcess ?’ö‘ŞoI

2010-11-28 23:53:57 387 ChromatoFrm ChromatoFrm_Load Chromato ?“ü

2010-11-28 23:57:10 137 ParaBiz ‘Å?•¶Œ •¶Œ•s‘¶İ:E:\Chromato\bin\Debug\db\201011\’Ê“¹B_20101128230206.db3

2010-11-28 23:57:10 153 SqliteDbName ConnectDb ˜HŒaE:\Chromato\bin\Debug\db\201011\’Ê“¹B_20101128230206.db3 –v—LQ“?•¶Œ!

2010-11-28 23:57:10 168 SqliteDbName ConnectDb ˜HŒaE:\Chromato\bin\Debug\db\201011\’Ê“¹B_20101128230206.db3 –v—LQ“?•¶Œ!

2010-11-28 23:57:11 122 SqliteDbName ConnectDb ˜HŒaE:\Chromato\bin\Debug\db\201011\’Ê“¹B_20101128230206.db3 –v—LQ“?•¶Œ!

2010-11-28 23:57:11 122 SqliteDbName ConnectDb ˜HŒaE:\Chromato\bin\Debug\db\201011\’Ê“¹B_20101128230206.db3 –v—LQ“?•¶Œ!
