
2013-12-25 11:13:26 672 PipeBiz RealPipeProcess realPipe: A client 接入

2013-12-25 11:13:26 673 PipeBiz RealPipeProcess RealPipe1Process 线程退出！

2013-12-25 11:13:26 675 PipeBiz RealPipeProcess realPipe: B client 接入

2013-12-25 11:13:26 675 PipeBiz RealPipeProcess RealPipe1Process 线程退出！

2013-12-25 11:13:26 693 PipeBiz RealPipeProcess realPipe: C client 接入

2013-12-25 11:13:26 694 PipeBiz RealPipeProcess RealPipe1Process 线程退出！

2013-12-25 11:13:26 698 PipeBiz RealPipeProcess realPipe: D client 接入

2013-12-25 11:13:26 698 PipeBiz RealPipeProcess RealPipe1Process 线程退出！

2013-12-25 11:13:26 702 PipeBiz HisPipeProcess hisPipe client 接入

2013-12-25 11:13:26 702 PipeBiz HisPipeProcess HisPipeProcess 线程退出！

2013-12-25 11:13:26 706 PipeBiz SamplePipeProcess samplePipe client 接入

2013-12-25 11:13:26 707 PipeBiz SamplePipeProcess SamplePipeProcess 线程退出！

2013-12-25 11:13:26 709 PipeBiz ComparePipeProcess comparePipe client 接入

2013-12-25 11:13:26 709 PipeBiz ComparePipeProcess ComparePipeProcess 线程退出！

2013-12-25 11:13:26 721 ChromatoFrm ChromatoFrm_Load Chromato 载入

2013-12-25 11:13:26 910 ParaBiz 打开文件 文件不存在:D:\Chromato-v3-通用版\bin\Debug\db\201107\通道B_20110730140550.db3

2013-12-25 11:13:26 915 SqliteDbName ConnectDb 路径D:\Chromato-v3-通用版\bin\Debug\db\201107\通道B_20110730140550.db3 没有找到该文件!

2013-12-25 11:13:26 917 SqliteDbName ConnectDb 路径D:\Chromato-v3-通用版\bin\Debug\db\201107\通道B_20110730140550.db3 没有找到该文件!

2013-12-25 11:14:30 306 CommPort CloseLoop count=0

2013-12-25 11:14:30 308 CommPort Close serial port closed
