
2013-12-24 10:16:39 220 PipeBiz RealPipeProcess realPipe: A client 接入

2013-12-24 10:16:39 222 PipeBiz RealPipeProcess RealPipe1Process 线程退出！

2013-12-24 10:16:39 222 PipeBiz RealPipeProcess realPipe: B client 接入

2013-12-24 10:16:39 223 PipeBiz RealPipeProcess RealPipe1Process 线程退出！

2013-12-24 10:16:39 236 PipeBiz RealPipeProcess realPipe: C client 接入

2013-12-24 10:16:39 237 PipeBiz RealPipeProcess RealPipe1Process 线程退出！

2013-12-24 10:16:39 241 PipeBiz RealPipeProcess realPipe: D client 接入

2013-12-24 10:16:39 241 PipeBiz RealPipeProcess RealPipe1Process 线程退出！

2013-12-24 10:16:39 245 PipeBiz HisPipeProcess hisPipe client 接入

2013-12-24 10:16:39 246 PipeBiz HisPipeProcess HisPipeProcess 线程退出！

2013-12-24 10:16:39 249 PipeBiz SamplePipeProcess samplePipe client 接入

2013-12-24 10:16:39 249 PipeBiz SamplePipeProcess SamplePipeProcess 线程退出！

2013-12-24 10:16:39 252 PipeBiz ComparePipeProcess comparePipe client 接入

2013-12-24 10:16:39 252 PipeBiz ComparePipeProcess ComparePipeProcess 线程退出！

2013-12-24 10:16:39 270 ChromatoFrm ChromatoFrm_Load Chromato 载入

2013-12-24 10:16:39 543 ParaBiz 打开文件 文件不存在:D:\Chromato-v3-通用版\bin\Debug\db\201107\通道B_20110730140550.db3

2013-12-24 10:16:39 548 SqliteDbName ConnectDb 路径D:\Chromato-v3-通用版\bin\Debug\db\201107\通道B_20110730140550.db3 没有找到该文件!

2013-12-24 10:16:39 550 SqliteDbName ConnectDb 路径D:\Chromato-v3-通用版\bin\Debug\db\201107\通道B_20110730140550.db3 没有找到该文件!

2013-12-24 10:20:13 601 ParaBiz 打开文件 文件不存在:D:\Chromato-v3-通用版\bin\Debug\db\201309\通道Tcd1_20130925152815.db3

2013-12-24 10:20:13 603 SqliteDbName ConnectDb 路径D:\Chromato-v3-通用版\bin\Debug\db\201309\通道Tcd1_20130925152815.db3 没有找到该文件!

2013-12-24 10:20:13 604 SqliteDbName ConnectDb 路径D:\Chromato-v3-通用版\bin\Debug\db\201309\通道Tcd1_20130925152815.db3 没有找到该文件!

2013-12-24 10:20:13 891 ParaBiz 打开文件 文件不存在:D:\Chromato-v3-通用版\bin\Debug\db\201309\通道Tcd1_20130926100346.db3

2013-12-24 10:20:13 895 SqliteDbName ConnectDb 路径D:\Chromato-v3-通用版\bin\Debug\db\201309\通道Tcd1_20130926100346.db3 没有找到该文件!

2013-12-24 10:20:13 896 SqliteDbName ConnectDb 路径D:\Chromato-v3-通用版\bin\Debug\db\201309\通道Tcd1_20130926100346.db3 没有找到该文件!

2013-12-24 10:20:14 283 SqliteDbName ConnectDb 路径D:\Chromato-v3-通用版\bin\Debug\db\201309\通道Tcd1_20130926100346.db3 没有找到该文件!

2013-12-24 10:20:14 284 SqliteDbName ConnectDb 路径D:\Chromato-v3-通用版\bin\Debug\db\201309\通道Tcd1_20130926100346.db3 没有找到该文件!

2013-12-24 10:20:14 651 ParaBiz 打开文件 文件不存在:D:\Chromato-v3-通用版\bin\Debug\db\201107\通道B_20110730140550.db3

2013-12-24 10:20:14 653 SqliteDbName ConnectDb 路径D:\Chromato-v3-通用版\bin\Debug\db\201107\通道B_20110730140550.db3 没有找到该文件!

2013-12-24 10:20:14 653 SqliteDbName ConnectDb 路径D:\Chromato-v3-通用版\bin\Debug\db\201107\通道B_20110730140550.db3 没有找到该文件!

2013-12-24 10:20:15 123 ParaBiz 打开文件 文件不存在:D:\Chromato-v3-通用版\bin\Debug\db\201309\通道Tcd1_20130925152815.db3

2013-12-24 10:20:15 124 SqliteDbName ConnectDb 路径D:\Chromato-v3-通用版\bin\Debug\db\201309\通道Tcd1_20130925152815.db3 没有找到该文件!

2013-12-24 10:20:15 125 SqliteDbName ConnectDb 路径D:\Chromato-v3-通用版\bin\Debug\db\201309\通道Tcd1_20130925152815.db3 没有找到该文件!

2013-12-24 10:21:14 962   splitterTree_SplitterMoved

2013-12-24 12:15:40 530 PipeBiz RealPipeProcess realPipe: A client 接入

2013-12-24 12:15:40 546 PipeBiz RealPipeProcess realPipe: C client 接入

2013-12-24 12:15:40 548 PipeBiz RealPipeProcess RealPipe1Process 线程退出！

2013-12-24 12:15:40 571 PipeBiz RealPipeProcess RealPipe1Process 线程退出！

2013-12-24 12:15:40 610 PipeBiz RealPipeProcess realPipe: D client 接入

2013-12-24 12:15:40 610 PipeBiz RealPipeProcess RealPipe1Process 线程退出！

2013-12-24 12:15:40 615 PipeBiz RealPipeProcess RealPipe1Process 线程退出！

2013-12-24 12:15:40 619 PipeBiz HisPipeProcess hisPipe client 接入

2013-12-24 12:15:40 620 PipeBiz HisPipeProcess HisPipeProcess 线程退出！

2013-12-24 12:15:40 623 PipeBiz SamplePipeProcess samplePipe client 接入

2013-12-24 12:15:40 623 PipeBiz SamplePipeProcess SamplePipeProcess 线程退出！

2013-12-24 12:15:40 623 PipeBiz ComparePipeProcess comparePipe client 接入

2013-12-24 12:15:40 623 PipeBiz ComparePipeProcess ComparePipeProcess 线程退出！

2013-12-24 12:15:40 623 ChromatoFrm ChromatoFrm_Load Chromato 载入

2013-12-24 12:15:40 810 ParaBiz 打开文件 文件不存在:D:\Chromato-v3-通用版\bin\Debug\db\201107\通道B_20110730140550.db3

2013-12-24 12:15:40 810 SqliteDbName ConnectDb 路径D:\Chromato-v3-通用版\bin\Debug\db\201107\通道B_20110730140550.db3 没有找到该文件!

2013-12-24 12:15:40 810 SqliteDbName ConnectDb 路径D:\Chromato-v3-通用版\bin\Debug\db\201107\通道B_20110730140550.db3 没有找到该文件!

2013-12-24 12:15:44 991 CommPort CloseLoop count=0

2013-12-24 12:15:44 991 CommPort Close serial port closed
