
2012-07-07 16:06:02 520 PipeBiz RealPipeProcess realPipe: A client 接入

2012-07-07 16:06:02 520 PipeBiz RealPipeProcess RealPipe1Process 线程退出！

2012-07-07 16:06:02 551 PipeBiz RealPipeProcess realPipe: B client 接入

2012-07-07 16:06:02 551 PipeBiz RealPipeProcess RealPipe1Process 线程退出！

2012-07-07 16:06:02 551 PipeBiz RealPipeProcess realPipe: C client 接入

2012-07-07 16:06:02 551 PipeBiz RealPipeProcess RealPipe1Process 线程退出！

2012-07-07 16:06:02 551 PipeBiz RealPipeProcess realPipe: D client 接入

2012-07-07 16:06:02 551 PipeBiz RealPipeProcess RealPipe1Process 线程退出！

2012-07-07 16:06:02 567 PipeBiz HisPipeProcess hisPipe client 接入

2012-07-07 16:06:02 567 PipeBiz HisPipeProcess HisPipeProcess 线程退出！

2012-07-07 16:06:02 567 PipeBiz SamplePipeProcess samplePipe client 接入

2012-07-07 16:06:02 567 PipeBiz SamplePipeProcess SamplePipeProcess 线程退出！

2012-07-07 16:06:02 567 PipeBiz ComparePipeProcess comparePipe client 接入

2012-07-07 16:06:02 567 PipeBiz ComparePipeProcess ComparePipeProcess 线程退出！

2012-07-07 16:06:02 583 ChromatoFrm ChromatoFrm_Load Chromato 载入

2012-07-07 16:06:02 864 ParaBiz 打开文件 文件不存在:E:\计算所相关开发软件\Chromato-v3-通用版\bin\Debug\db\201107\通道B_20110730140550.db3

2012-07-07 16:06:02 864 SqliteDbName ConnectDb 路径E:\计算所相关开发软件\Chromato-v3-通用版\bin\Debug\db\201107\通道B_20110730140550.db3 没有找到该文件!

2012-07-07 16:06:02 864 SqliteDbName ConnectDb 路径E:\计算所相关开发软件\Chromato-v3-通用版\bin\Debug\db\201107\通道B_20110730140550.db3 没有找到该文件!

2012-07-07 16:09:06 598 ParaBiz 打开文件 文件不存在:E:\计算所相关开发软件\Chromato-v3-通用版\bin\Debug\db\201107\通道B_20110730140550.db3

2012-07-07 16:09:06 598 SqliteDbName ConnectDb 路径E:\计算所相关开发软件\Chromato-v3-通用版\bin\Debug\db\201107\通道B_20110730140550.db3 没有找到该文件!

2012-07-07 16:09:06 598 SqliteDbName ConnectDb 路径E:\计算所相关开发软件\Chromato-v3-通用版\bin\Debug\db\201107\通道B_20110730140550.db3 没有找到该文件!

2012-07-07 16:11:29 301 SampleGraphViewer miExport_Click 导出当前图形为打印图形 通道Tcd1_20111009144121

2012-07-07 16:11:31 583 SampleGraphViewer miExport_Click 导出当前图形为打印图形 通道Tcd1_20111009144121

2012-07-07 16:11:32 176 SampleGraphViewer miExport_Click 导出当前图形为打印图形 通道Tcd1_20111009144121

2012-07-07 16:11:32 583 SampleGraphViewer miExport_Click 导出当前图形为打印图形 通道Tcd1_20111009144121

2012-07-07 16:11:32 958 SampleGraphViewer miExport_Click 导出当前图形为打印图形 通道Tcd1_20111009144121

2012-07-07 16:11:33 676 SampleGraphViewer miExport_Click 导出当前图形为打印图形 通道Tcd1_20111009144121

2012-07-07 16:11:34 036 SampleGraphViewer miExport_Click 导出当前图形为打印图形 通道Tcd1_20111009144121

2012-07-07 16:11:59 036   Chromato 区域放大

2012-07-07 16:12:05 192 SampleGraphViewer miExport_Click 导出当前图形为打印图形 通道Tcd1_20111009144121

2012-07-07 16:13:45 583 CommPort CloseLoop count=0

2012-07-07 16:13:45 583 CommPort Close serial port closed
