
2009-12-22 19:15:35 843 PipeBiz RealPipe1Process realPipe 1 client 接入

2009-12-22 19:15:35 843 PipeBiz RealPipe1Process RealPipe1Process 线程退出！

2009-12-22 19:15:35 890 PipeBiz RealPipe2Process realPipe 2 client 接入

2009-12-22 19:15:35 890 PipeBiz RealPipe2Process RealPipe2Process 线程退出！

2009-12-22 19:15:35 890 PipeBiz RealPipe3Process realPipe 3 client 接入

2009-12-22 19:15:35 890 PipeBiz RealPipe3Process RealPipe3Process 线程退出！

2009-12-22 19:15:35 906 PipeBiz RealPipe4Process realPipe 4 client 接入

2009-12-22 19:15:35 906 PipeBiz RealPipe4Process RealPipe4Process 线程退出！

2009-12-22 19:15:35 921 PipeBiz HisPipeProcess hisPipe client 接入

2009-12-22 19:15:35 921 PipeBiz HisPipeProcess HisPipeProcess 线程退出！

2009-12-22 19:15:35 937 PipeBiz SamplePipeProcess samplePipe client 接入

2009-12-22 19:15:35 937 PipeBiz SamplePipeProcess SamplePipeProcess 线程退出！

2009-12-22 19:15:35 937 PipeBiz ComparePipeProcess comparePipe client 接入

2009-12-22 19:15:35 937 PipeBiz ComparePipeProcess ComparePipeProcess 线程退出！

2009-12-22 19:15:35 953 ParaBiz 打开文件 文件不存在:E:\Chromato\Release\C#Call\db\200908\通道Tcd1_20090811145901.db3

2009-12-22 19:15:35 953 ParaBiz 打开文件 文件不存在:E:\Chromato\Release\C#Call\db\200909\通道Tcd1_20090909124743.db3

2009-12-22 19:15:35 953 ChromatoFrm ChromatoFrm_Load Chromato 载入

2009-12-22 19:15:36 218 ParaBiz 打开文件 文件不存在:E:\Chromato\Release\C#Call\db\200912\通道Fid1_20091202152917.db3

2009-12-22 19:15:36 250 SqliteDbName ConnectDb 路径E:\Chromato\Release\C#Call\db\200912\通道Fid1_20091202152917.db3 没有找到该文件!

2009-12-22 19:15:36 250 SqliteDbName ConnectDb 路径E:\Chromato\Release\C#Call\db\200912\通道Fid1_20091202152917.db3 没有找到该文件!

2009-12-22 19:15:58 781 ParaBiz 打开文件 文件不存在:E:\Chromato\Release\C#Call\db\200912\通道Fid1_20091203090727.db3

2009-12-22 19:15:58 781 SqliteDbName ConnectDb 路径E:\Chromato\Release\C#Call\db\200912\通道Fid1_20091203090727.db3 没有找到该文件!

2009-12-22 19:15:58 796 SqliteDbName ConnectDb 路径E:\Chromato\Release\C#Call\db\200912\通道Fid1_20091203090727.db3 没有找到该文件!

2009-12-22 19:16:02 031 ParaBiz 打开文件 文件不存在:E:\Chromato\Release\C#Call\db\200908\通道Tcd1_20090811145901.db3

2009-12-22 19:16:02 031 SqliteDbName ConnectDb 路径E:\Chromato\Release\C#Call\db\200908\通道Tcd1_20090811145901.db3 没有找到该文件!

2009-12-22 19:16:02 031 SqliteDbName ConnectDb 路径E:\Chromato\Release\C#Call\db\200908\通道Tcd1_20090811145901.db3 没有找到该文件!

2009-12-22 19:18:34 656 PipeBiz RealPipe1Process realPipe 1 client 接入

2009-12-22 19:18:34 656 PipeBiz RealPipe1Process RealPipe1Process 线程退出！

2009-12-22 19:18:34 703 PipeBiz RealPipe2Process realPipe 2 client 接入

2009-12-22 19:18:34 703 PipeBiz RealPipe2Process RealPipe2Process 线程退出！

2009-12-22 19:18:34 718 PipeBiz RealPipe3Process realPipe 3 client 接入

2009-12-22 19:18:34 718 PipeBiz RealPipe3Process RealPipe3Process 线程退出！

2009-12-22 19:18:34 718 PipeBiz RealPipe4Process realPipe 4 client 接入

2009-12-22 19:18:34 734 PipeBiz RealPipe4Process RealPipe4Process 线程退出！

2009-12-22 19:18:34 750 PipeBiz HisPipeProcess hisPipe client 接入

2009-12-22 19:18:34 750 PipeBiz HisPipeProcess HisPipeProcess 线程退出！

2009-12-22 19:18:34 765 PipeBiz SamplePipeProcess samplePipe client 接入

2009-12-22 19:18:34 765 PipeBiz SamplePipeProcess SamplePipeProcess 线程退出！

2009-12-22 19:18:34 765 PipeBiz ComparePipeProcess comparePipe client 接入

2009-12-22 19:18:34 765 PipeBiz ComparePipeProcess ComparePipeProcess 线程退出！

2009-12-22 19:18:34 843 ParaBiz 打开文件 文件不存在:E:\Chromato\Release\C#Call\db\200909\通道Tcd1_20090909124743.db3

2009-12-22 19:18:34 859 ChromatoFrm ChromatoFrm_Load Chromato 载入

2009-12-22 19:18:35 109 ParaBiz 打开文件 文件不存在:E:\Chromato\Release\C#Call\db\200912\通道Fid1_20091202152917.db3

2009-12-22 19:18:35 125 SqliteDbName ConnectDb 路径E:\Chromato\Release\C#Call\db\200912\通道Fid1_20091202152917.db3 没有找到该文件!

2009-12-22 19:18:35 125 SqliteDbName ConnectDb 路径E:\Chromato\Release\C#Call\db\200912\通道Fid1_20091202152917.db3 没有找到该文件!

2009-12-22 19:18:41 109 ParaBiz 打开文件 文件不存在:E:\Chromato\Release\C#Call\db\200912\通道Fid1_20091203085119.db3

2009-12-22 19:18:41 109 SqliteDbName ConnectDb 路径E:\Chromato\Release\C#Call\db\200912\通道Fid1_20091203085119.db3 没有找到该文件!

2009-12-22 19:18:41 109 SqliteDbName ConnectDb 路径E:\Chromato\Release\C#Call\db\200912\通道Fid1_20091203085119.db3 没有找到该文件!

2009-12-22 19:18:41 625 ParaBiz 打开文件 文件不存在:E:\Chromato\Release\C#Call\db\200912\通道Fid1_20091203090727.db3

2009-12-22 19:18:41 640 SqliteDbName ConnectDb 路径E:\Chromato\Release\C#Call\db\200912\通道Fid1_20091203090727.db3 没有找到该文件!

2009-12-22 19:18:41 640 SqliteDbName ConnectDb 路径E:\Chromato\Release\C#Call\db\200912\通道Fid1_20091203090727.db3 没有找到该文件!

2009-12-22 19:18:48 359 OffExportViewer ExportToAIA E:\Chromato\Release\C#Call\Aia\200908\20090811145901.cdf
