
2009-12-14 08:26:09 546 PipeBiz RealPipe1Process realPipe 1 client 接入

2009-12-14 08:26:09 593 PipeBiz RealPipe1Process RealPipe1Process 线程退出！

2009-12-14 08:26:09 609 PipeBiz RealPipe2Process realPipe 2 client 接入

2009-12-14 08:26:09 609 PipeBiz RealPipe2Process RealPipe2Process 线程退出！

2009-12-14 08:26:09 640 PipeBiz RealPipe3Process realPipe 3 client 接入

2009-12-14 08:26:09 640 PipeBiz RealPipe3Process RealPipe3Process 线程退出！

2009-12-14 08:26:09 671 PipeBiz RealPipe4Process realPipe 4 client 接入

2009-12-14 08:26:09 671 PipeBiz RealPipe4Process RealPipe4Process 线程退出！

2009-12-14 08:26:09 687 PipeBiz HisPipeProcess hisPipe client 接入

2009-12-14 08:26:09 687 PipeBiz HisPipeProcess HisPipeProcess 线程退出！

2009-12-14 08:26:09 687 PipeBiz SamplePipeProcess samplePipe client 接入

2009-12-14 08:26:09 687 PipeBiz SamplePipeProcess SamplePipeProcess 线程退出！

2009-12-14 08:26:09 703 PipeBiz ComparePipeProcess comparePipe client 接入

2009-12-14 08:26:09 703 PipeBiz ComparePipeProcess ComparePipeProcess 线程退出！

2009-12-14 08:26:09 718 ParaBiz 打开文件 文件不存在:E:\Chromato\Release\C#Call\db\200908\通道Tcd1_20090811145901.db3

2009-12-14 08:26:09 718 ParaBiz 打开文件 文件不存在:E:\Chromato\Release\C#Call\db\200909\通道Tcd1_20090909124743.db3

2009-12-14 08:26:09 718 ChromatoFrm ChromatoFrm_Load Chromato 载入

2009-12-14 08:26:10 031 ParaBiz 打开文件 文件不存在:E:\Chromato\Release\C#Call\db\200912\通道Fid1_20091202152917.db3

2009-12-14 08:26:10 031 SqliteDbName ConnectDb 路径E:\Chromato\Release\C#Call\db\200912\通道Fid1_20091202152917.db3 没有找到该文件!

2009-12-14 08:26:10 046 SqliteDbName ConnectDb 路径E:\Chromato\Release\C#Call\db\200912\通道Fid1_20091202152917.db3 没有找到该文件!
