
2013-10-14 10:54:26 021 PipeBiz RealPipeProcess realPipe: A client 接入

2013-10-14 10:54:26 024 PipeBiz RealPipeProcess RealPipe1Process 线程退出！

2013-10-14 10:54:26 026 PipeBiz RealPipeProcess realPipe: B client 接入

2013-10-14 10:54:26 027 PipeBiz RealPipeProcess RealPipe1Process 线程退出！

2013-10-14 10:54:26 030 PipeBiz RealPipeProcess realPipe: C client 接入

2013-10-14 10:54:26 031 PipeBiz RealPipeProcess RealPipe1Process 线程退出！

2013-10-14 10:54:26 034 PipeBiz RealPipeProcess realPipe: D client 接入

2013-10-14 10:54:26 035 PipeBiz RealPipeProcess RealPipe1Process 线程退出！

2013-10-14 10:54:26 041 PipeBiz HisPipeProcess hisPipe client 接入

2013-10-14 10:54:26 041 PipeBiz HisPipeProcess HisPipeProcess 线程退出！

2013-10-14 10:54:26 047 PipeBiz SamplePipeProcess samplePipe client 接入

2013-10-14 10:54:26 047 PipeBiz SamplePipeProcess SamplePipeProcess 线程退出！

2013-10-14 10:54:26 052 PipeBiz ComparePipeProcess comparePipe client 接入

2013-10-14 10:54:26 053 PipeBiz ComparePipeProcess ComparePipeProcess 线程退出！

2013-10-14 10:54:26 076 ChromatoFrm ChromatoFrm_Load Chromato 载入

2013-10-14 10:54:26 289 ParaBiz 打开文件 文件不存在:D:\Chromato-v3-通用版\bin\Debug\db\201107\通道B_20110730140550.db3

2013-10-14 10:54:26 293 SqliteDbName ConnectDb 路径D:\Chromato-v3-通用版\bin\Debug\db\201107\通道B_20110730140550.db3 没有找到该文件!

2013-10-14 10:54:26 295 SqliteDbName ConnectDb 路径D:\Chromato-v3-通用版\bin\Debug\db\201107\通道B_20110730140550.db3 没有找到该文件!

2013-10-14 10:58:25 394 ParaBiz 打开文件 文件不存在:D:\Chromato-v3-通用版\bin\Debug\db\201309\通道Fid1_20130925161945.db3

2013-10-14 10:59:34 262 ParaBiz 打开文件 文件不存在:D:\Chromato-v3-通用版\bin\Debug\db\201107\通道D_20110730140550.db3

2013-10-14 10:59:34 264 SqliteDbName ConnectDb 路径D:\Chromato-v3-通用版\bin\Debug\db\201107\通道D_20110730140550.db3 没有找到该文件!

2013-10-14 10:59:34 264 SqliteDbName ConnectDb 路径D:\Chromato-v3-通用版\bin\Debug\db\201107\通道D_20110730140550.db3 没有找到该文件!

2013-10-14 10:59:34 430 SqliteDbName ConnectDb 路径D:\Chromato-v3-通用版\bin\Debug\db\201107\通道D_20110730140550.db3 没有找到该文件!

2013-10-14 10:59:34 431 SqliteDbName ConnectDb 路径D:\Chromato-v3-通用版\bin\Debug\db\201107\通道D_20110730140550.db3 没有找到该文件!

2013-10-14 10:59:41 548 SqliteDbName ConnectDb 路径D:\Chromato-v3-通用版\bin\Debug\db\201107\通道D_20110730140550.db3 没有找到该文件!

2013-10-14 10:59:41 549 SqliteDbName ConnectDb 路径D:\Chromato-v3-通用版\bin\Debug\db\201107\通道D_20110730140550.db3 没有找到该文件!

2013-10-14 10:59:41 748 SqliteDbName ConnectDb 路径D:\Chromato-v3-通用版\bin\Debug\db\201107\通道D_20110730140550.db3 没有找到该文件!

2013-10-14 10:59:41 749 SqliteDbName ConnectDb 路径D:\Chromato-v3-通用版\bin\Debug\db\201107\通道D_20110730140550.db3 没有找到该文件!

2013-10-14 11:14:08 771 CommPort Close serial port closed

2013-10-14 11:14:08 908 CommPort OpenSict PortName 不能为空。
参数名: PortName: open failed

2013-10-14 12:16:35 464 PipeBiz RealPipeProcess realPipe: A client 接入

2013-10-14 12:16:35 467 PipeBiz RealPipeProcess RealPipe1Process 线程退出！

2013-10-14 12:16:35 494 PipeBiz RealPipeProcess realPipe: B client 接入

2013-10-14 12:16:35 494 PipeBiz RealPipeProcess RealPipe1Process 线程退出！

2013-10-14 12:16:35 518 PipeBiz RealPipeProcess realPipe: C client 接入

2013-10-14 12:16:35 518 PipeBiz RealPipeProcess RealPipe1Process 线程退出！

2013-10-14 12:16:35 522 PipeBiz RealPipeProcess realPipe: D client 接入

2013-10-14 12:16:35 522 PipeBiz RealPipeProcess RealPipe1Process 线程退出！

2013-10-14 12:16:35 546 PipeBiz HisPipeProcess hisPipe client 接入

2013-10-14 12:16:35 546 PipeBiz HisPipeProcess HisPipeProcess 线程退出！

2013-10-14 12:16:35 550 PipeBiz SamplePipeProcess samplePipe client 接入

2013-10-14 12:16:35 550 PipeBiz SamplePipeProcess SamplePipeProcess 线程退出！

2013-10-14 12:16:35 553 PipeBiz ComparePipeProcess comparePipe client 接入

2013-10-14 12:16:35 553 PipeBiz ComparePipeProcess ComparePipeProcess 线程退出！

2013-10-14 12:16:35 561 ChromatoFrm ChromatoFrm_Load Chromato 载入

2013-10-14 12:16:35 701 ParaBiz 打开文件 文件不存在:D:\Chromato-v3-通用版\bin\Debug\db\201107\通道B_20110730140550.db3

2013-10-14 12:16:35 703 SqliteDbName ConnectDb 路径D:\Chromato-v3-通用版\bin\Debug\db\201107\通道B_20110730140550.db3 没有找到该文件!

2013-10-14 12:16:35 704 SqliteDbName ConnectDb 路径D:\Chromato-v3-通用版\bin\Debug\db\201107\通道B_20110730140550.db3 没有找到该文件!

2013-10-14 12:40:39 652 PipeBiz RealPipeProcess realPipe: A client 接入

2013-10-14 12:40:39 655 PipeBiz RealPipeProcess RealPipe1Process 线程退出！

2013-10-14 12:40:39 679 PipeBiz RealPipeProcess realPipe: B client 接入

2013-10-14 12:40:39 679 PipeBiz RealPipeProcess RealPipe1Process 线程退出！

2013-10-14 12:40:39 683 PipeBiz RealPipeProcess realPipe: C client 接入

2013-10-14 12:40:39 683 PipeBiz RealPipeProcess RealPipe1Process 线程退出！

2013-10-14 12:40:39 707 PipeBiz RealPipeProcess realPipe: D client 接入

2013-10-14 12:40:39 708 PipeBiz RealPipeProcess RealPipe1Process 线程退出！

2013-10-14 12:40:39 733 PipeBiz HisPipeProcess hisPipe client 接入

2013-10-14 12:40:39 734 PipeBiz HisPipeProcess HisPipeProcess 线程退出！

2013-10-14 12:40:39 741 PipeBiz SamplePipeProcess samplePipe client 接入

2013-10-14 12:40:39 742 PipeBiz SamplePipeProcess SamplePipeProcess 线程退出！

2013-10-14 12:40:39 746 PipeBiz ComparePipeProcess comparePipe client 接入

2013-10-14 12:40:39 747 PipeBiz ComparePipeProcess ComparePipeProcess 线程退出！

2013-10-14 12:40:39 759 ChromatoFrm ChromatoFrm_Load Chromato 载入

2013-10-14 12:40:39 889 ParaBiz 打开文件 文件不存在:D:\Chromato-v3-通用版\bin\Debug\db\201107\通道B_20110730140550.db3

2013-10-14 12:40:39 891 SqliteDbName ConnectDb 路径D:\Chromato-v3-通用版\bin\Debug\db\201107\通道B_20110730140550.db3 没有找到该文件!

2013-10-14 12:40:39 892 SqliteDbName ConnectDb 路径D:\Chromato-v3-通用版\bin\Debug\db\201107\通道B_20110730140550.db3 没有找到该文件!

2013-10-14 12:41:32 850 ParaBiz 打开文件 文件不存在:D:\Chromato-v3-通用版\bin\Debug\db\201309\通道Fid1_20130925161945.db3

2013-10-14 12:41:32 852 SqliteDbName ConnectDb 路径D:\Chromato-v3-通用版\bin\Debug\db\201309\通道Fid1_20130925161945.db3 没有找到该文件!

2013-10-14 12:41:32 852 SqliteDbName ConnectDb 路径D:\Chromato-v3-通用版\bin\Debug\db\201309\通道Fid1_20130925161945.db3 没有找到该文件!

2013-10-14 12:41:39 470 ParaBiz 打开文件 文件不存在:D:\Chromato-v3-通用版\bin\Debug\db\201309\通道Tcd1_20130927162053.db3

2013-10-14 12:41:58 157 ParaBiz 打开文件 文件不存在:D:\Chromato-v3-通用版\bin\Debug\db\201309\通道Tcd1_20130927162806.db3

2013-10-14 12:42:27 170 ParaBiz 打开文件 文件不存在:D:\Chromato-v3-通用版\bin\Debug\db\201309\通道Fid1_20130925161945.db3

2013-10-14 12:42:45 824 SqliteDbName ConnectDb 路径D:\Chromato-v3-通用版\bin\Debug\db\201309\通道Fid1_20130925161945.db3 没有找到该文件!

2013-10-14 12:42:45 825 SqliteDbName ConnectDb 路径D:\Chromato-v3-通用版\bin\Debug\db\201309\通道Fid1_20130925161945.db3 没有找到该文件!

2013-10-14 12:42:46 296 ParaBiz 打开文件 文件不存在:D:\Chromato-v3-通用版\bin\Debug\db\201309\通道Tcd1_20130926100346.db3

2013-10-14 12:42:46 297 SqliteDbName ConnectDb 路径D:\Chromato-v3-通用版\bin\Debug\db\201309\通道Tcd1_20130926100346.db3 没有找到该文件!

2013-10-14 12:42:46 298 SqliteDbName ConnectDb 路径D:\Chromato-v3-通用版\bin\Debug\db\201309\通道Tcd1_20130926100346.db3 没有找到该文件!

2013-10-14 12:42:46 584 SqliteDbName ConnectDb 路径D:\Chromato-v3-通用版\bin\Debug\db\201309\通道Tcd1_20130926100346.db3 没有找到该文件!

2013-10-14 12:42:46 585 SqliteDbName ConnectDb 路径D:\Chromato-v3-通用版\bin\Debug\db\201309\通道Tcd1_20130926100346.db3 没有找到该文件!

2013-10-14 12:42:46 759 SqliteDbName ConnectDb 路径D:\Chromato-v3-通用版\bin\Debug\db\201309\通道Tcd1_20130926100346.db3 没有找到该文件!

2013-10-14 12:42:46 760 SqliteDbName ConnectDb 路径D:\Chromato-v3-通用版\bin\Debug\db\201309\通道Tcd1_20130926100346.db3 没有找到该文件!

2013-10-14 12:42:47 936 ParaBiz 打开文件 文件不存在:D:\Chromato-v3-通用版\bin\Debug\db\201107\通道D_20110730140550.db3

2013-10-14 12:42:47 936 SqliteDbName ConnectDb 路径D:\Chromato-v3-通用版\bin\Debug\db\201107\通道D_20110730140550.db3 没有找到该文件!

2013-10-14 12:42:47 937 SqliteDbName ConnectDb 路径D:\Chromato-v3-通用版\bin\Debug\db\201107\通道D_20110730140550.db3 没有找到该文件!

2013-10-14 12:42:48 112 SqliteDbName ConnectDb 路径D:\Chromato-v3-通用版\bin\Debug\db\201107\通道D_20110730140550.db3 没有找到该文件!

2013-10-14 12:42:48 113 SqliteDbName ConnectDb 路径D:\Chromato-v3-通用版\bin\Debug\db\201107\通道D_20110730140550.db3 没有找到该文件!

2013-10-14 12:42:49 024 ParaBiz 打开文件 文件不存在:D:\Chromato-v3-通用版\bin\Debug\db\201107\通道B_20110730140550.db3

2013-10-14 12:42:49 025 SqliteDbName ConnectDb 路径D:\Chromato-v3-通用版\bin\Debug\db\201107\通道B_20110730140550.db3 没有找到该文件!

2013-10-14 12:42:49 028 SqliteDbName ConnectDb 路径D:\Chromato-v3-通用版\bin\Debug\db\201107\通道B_20110730140550.db3 没有找到该文件!

2013-10-14 12:42:49 208 SqliteDbName ConnectDb 路径D:\Chromato-v3-通用版\bin\Debug\db\201107\通道B_20110730140550.db3 没有找到该文件!

2013-10-14 12:42:49 209 SqliteDbName ConnectDb 路径D:\Chromato-v3-通用版\bin\Debug\db\201107\通道B_20110730140550.db3 没有找到该文件!

2013-10-14 12:42:49 912 ParaBiz 打开文件 文件不存在:D:\Chromato-v3-通用版\bin\Debug\db\201107\通道C_20110730140550.db3

2013-10-14 12:42:49 913 SqliteDbName ConnectDb 路径D:\Chromato-v3-通用版\bin\Debug\db\201107\通道C_20110730140550.db3 没有找到该文件!

2013-10-14 12:42:49 914 SqliteDbName ConnectDb 路径D:\Chromato-v3-通用版\bin\Debug\db\201107\通道C_20110730140550.db3 没有找到该文件!

2013-10-14 12:42:50 104 SqliteDbName ConnectDb 路径D:\Chromato-v3-通用版\bin\Debug\db\201107\通道C_20110730140550.db3 没有找到该文件!

2013-10-14 12:42:50 105 SqliteDbName ConnectDb 路径D:\Chromato-v3-通用版\bin\Debug\db\201107\通道C_20110730140550.db3 没有找到该文件!

2013-10-14 12:43:06 545 ParaBiz 打开文件 文件不存在:D:\Chromato-v3-通用版\bin\Debug\db\201309\通道Tcd1_20130926093118.db3

2013-10-14 12:43:06 546 SqliteDbName ConnectDb 路径D:\Chromato-v3-通用版\bin\Debug\db\201309\通道Tcd1_20130926093118.db3 没有找到该文件!

2013-10-14 12:43:06 547 SqliteDbName ConnectDb 路径D:\Chromato-v3-通用版\bin\Debug\db\201309\通道Tcd1_20130926093118.db3 没有找到该文件!

2013-10-14 12:43:07 256 ParaBiz 打开文件 文件不存在:D:\Chromato-v3-通用版\bin\Debug\db\201107\通道C_20110730140550.db3

2013-10-14 12:43:07 257 SqliteDbName ConnectDb 路径D:\Chromato-v3-通用版\bin\Debug\db\201107\通道C_20110730140550.db3 没有找到该文件!

2013-10-14 12:43:07 258 SqliteDbName ConnectDb 路径D:\Chromato-v3-通用版\bin\Debug\db\201107\通道C_20110730140550.db3 没有找到该文件!

2013-10-14 12:43:07 744 ParaBiz 打开文件 文件不存在:D:\Chromato-v3-通用版\bin\Debug\db\201309\通道Tcd1_20130926093118.db3

2013-10-14 12:43:07 745 SqliteDbName ConnectDb 路径D:\Chromato-v3-通用版\bin\Debug\db\201309\通道Tcd1_20130926093118.db3 没有找到该文件!

2013-10-14 12:43:07 746 SqliteDbName ConnectDb 路径D:\Chromato-v3-通用版\bin\Debug\db\201309\通道Tcd1_20130926093118.db3 没有找到该文件!

2013-10-14 12:43:08 584 ParaBiz 打开文件 文件不存在:D:\Chromato-v3-通用版\bin\Debug\db\201309\通道Tcd1_20130927162806.db3

2013-10-14 12:43:08 586 SqliteDbName ConnectDb 路径D:\Chromato-v3-通用版\bin\Debug\db\201309\通道Tcd1_20130927162806.db3 没有找到该文件!

2013-10-14 12:43:08 587 SqliteDbName ConnectDb 路径D:\Chromato-v3-通用版\bin\Debug\db\201309\通道Tcd1_20130927162806.db3 没有找到该文件!

2013-10-14 12:43:08 784 SqliteDbName ConnectDb 路径D:\Chromato-v3-通用版\bin\Debug\db\201309\通道Tcd1_20130927162806.db3 没有找到该文件!

2013-10-14 12:43:08 785 SqliteDbName ConnectDb 路径D:\Chromato-v3-通用版\bin\Debug\db\201309\通道Tcd1_20130927162806.db3 没有找到该文件!

2013-10-14 12:43:09 377 ParaBiz 打开文件 文件不存在:D:\Chromato-v3-通用版\bin\Debug\db\201309\通道Tcd1_20130927111000.db3

2013-10-14 12:43:09 378 SqliteDbName ConnectDb 路径D:\Chromato-v3-通用版\bin\Debug\db\201309\通道Tcd1_20130927111000.db3 没有找到该文件!

2013-10-14 12:43:09 378 SqliteDbName ConnectDb 路径D:\Chromato-v3-通用版\bin\Debug\db\201309\通道Tcd1_20130927111000.db3 没有找到该文件!

2013-10-14 12:43:09 544 SqliteDbName ConnectDb 路径D:\Chromato-v3-通用版\bin\Debug\db\201309\通道Tcd1_20130927111000.db3 没有找到该文件!

2013-10-14 12:43:09 545 SqliteDbName ConnectDb 路径D:\Chromato-v3-通用版\bin\Debug\db\201309\通道Tcd1_20130927111000.db3 没有找到该文件!

2013-10-14 12:43:10 392 ParaBiz 打开文件 文件不存在:D:\Chromato-v3-通用版\bin\Debug\db\201309\通道Tcd1_20130926093118.db3

2013-10-14 12:43:10 393 SqliteDbName ConnectDb 路径D:\Chromato-v3-通用版\bin\Debug\db\201309\通道Tcd1_20130926093118.db3 没有找到该文件!

2013-10-14 12:43:10 394 SqliteDbName ConnectDb 路径D:\Chromato-v3-通用版\bin\Debug\db\201309\通道Tcd1_20130926093118.db3 没有找到该文件!

2013-10-14 12:43:10 560 SqliteDbName ConnectDb 路径D:\Chromato-v3-通用版\bin\Debug\db\201309\通道Tcd1_20130926093118.db3 没有找到该文件!

2013-10-14 12:43:10 561 SqliteDbName ConnectDb 路径D:\Chromato-v3-通用版\bin\Debug\db\201309\通道Tcd1_20130926093118.db3 没有找到该文件!

2013-10-14 12:43:10 728 SqliteDbName ConnectDb 路径D:\Chromato-v3-通用版\bin\Debug\db\201309\通道Tcd1_20130926093118.db3 没有找到该文件!

2013-10-14 12:43:10 729 SqliteDbName ConnectDb 路径D:\Chromato-v3-通用版\bin\Debug\db\201309\通道Tcd1_20130926093118.db3 没有找到该文件!

2013-10-14 12:43:15 168 SqliteDbName ConnectDb 路径D:\Chromato-v3-通用版\bin\Debug\db\201309\通道Tcd1_20130926093118.db3 没有找到该文件!

2013-10-14 12:43:15 169 SqliteDbName ConnectDb 路径D:\Chromato-v3-通用版\bin\Debug\db\201309\通道Tcd1_20130926093118.db3 没有找到该文件!

2013-10-14 12:43:15 360 SqliteDbName ConnectDb 路径D:\Chromato-v3-通用版\bin\Debug\db\201309\通道Tcd1_20130926093118.db3 没有找到该文件!

2013-10-14 12:43:15 361 SqliteDbName ConnectDb 路径D:\Chromato-v3-通用版\bin\Debug\db\201309\通道Tcd1_20130926093118.db3 没有找到该文件!

2013-10-14 12:44:39 212 ParaBiz 打开文件 文件不存在:D:\Chromato-v3-通用版\bin\Debug\db\201309\通道Tcd1_20130925152815.db3

2013-10-14 12:44:39 214 SqliteDbName ConnectDb 路径D:\Chromato-v3-通用版\bin\Debug\db\201309\通道Tcd1_20130925152815.db3 没有找到该文件!

2013-10-14 12:44:39 215 SqliteDbName ConnectDb 路径D:\Chromato-v3-通用版\bin\Debug\db\201309\通道Tcd1_20130925152815.db3 没有找到该文件!

2013-10-14 12:44:40 455 SqliteDbName ConnectDb 路径D:\Chromato-v3-通用版\bin\Debug\db\201309\通道Tcd1_20130925152815.db3 没有找到该文件!

2013-10-14 12:44:40 456 SqliteDbName ConnectDb 路径D:\Chromato-v3-通用版\bin\Debug\db\201309\通道Tcd1_20130925152815.db3 没有找到该文件!

2013-10-14 14:46:23 938 CommPort CloseLoop count=0

2013-10-14 14:46:23 940 CommPort Close serial port closed
