
2013-08-01 12:35:39 069 PipeBiz RealPipeProcess realPipe: A client 接入

2013-08-01 12:35:39 072 PipeBiz RealPipeProcess RealPipe1Process 线程退出！

2013-08-01 12:35:39 112 PipeBiz RealPipeProcess RealPipe1Process 线程退出！

2013-08-01 12:35:39 126 PipeBiz RealPipeProcess RealPipe1Process 线程退出！

2013-08-01 12:35:39 149 PipeBiz RealPipeProcess realPipe: D client 接入

2013-08-01 12:35:39 150 PipeBiz RealPipeProcess RealPipe1Process 线程退出！

2013-08-01 12:35:39 154 PipeBiz HisPipeProcess hisPipe client 接入

2013-08-01 12:35:39 155 PipeBiz HisPipeProcess HisPipeProcess 线程退出！

2013-08-01 12:35:39 159 PipeBiz SamplePipeProcess samplePipe client 接入

2013-08-01 12:35:39 160 PipeBiz SamplePipeProcess SamplePipeProcess 线程退出！

2013-08-01 12:35:39 163 PipeBiz ComparePipeProcess comparePipe client 接入

2013-08-01 12:35:39 164 PipeBiz ComparePipeProcess ComparePipeProcess 线程退出！

2013-08-01 12:35:39 173 ChromatoFrm ChromatoFrm_Load Chromato 载入

2013-08-01 12:35:39 437 ParaBiz 打开文件 文件不存在:D:\Chromato-v3-通用版\bin\Debug\db\201107\通道B_20110730140550.db3

2013-08-01 12:35:39 439 SqliteDbName ConnectDb 路径D:\Chromato-v3-通用版\bin\Debug\db\201107\通道B_20110730140550.db3 没有找到该文件!

2013-08-01 12:35:39 440 SqliteDbName ConnectDb 路径D:\Chromato-v3-通用版\bin\Debug\db\201107\通道B_20110730140550.db3 没有找到该文件!

2013-08-01 12:35:57 565 ParaBiz 打开文件 文件不存在:D:\Chromato-v3-通用版\bin\Debug\db\201107\通道B_20110730140550.db3

2013-08-01 12:35:57 566 SqliteDbName ConnectDb 路径D:\Chromato-v3-通用版\bin\Debug\db\201107\通道B_20110730140550.db3 没有找到该文件!

2013-08-01 12:35:57 567 SqliteDbName ConnectDb 路径D:\Chromato-v3-通用版\bin\Debug\db\201107\通道B_20110730140550.db3 没有找到该文件!

2013-08-01 12:36:02 854 CommPort CloseLoop count=0

2013-08-01 12:36:02 855 CommPort Close serial port closed

2013-08-01 12:37:10 803 PipeBiz RealPipeProcess realPipe: A client 接入

2013-08-01 12:37:10 807 PipeBiz RealPipeProcess RealPipe1Process 线程退出！

2013-08-01 12:37:10 836 PipeBiz RealPipeProcess realPipe: B client 接入

2013-08-01 12:37:10 837 PipeBiz RealPipeProcess RealPipe1Process 线程退出！

2013-08-01 12:37:10 840 PipeBiz RealPipeProcess realPipe: C client 接入

2013-08-01 12:37:10 841 PipeBiz RealPipeProcess RealPipe1Process 线程退出！

2013-08-01 12:37:10 844 PipeBiz RealPipeProcess realPipe: D client 接入

2013-08-01 12:37:10 845 PipeBiz RealPipeProcess RealPipe1Process 线程退出！

2013-08-01 12:37:10 848 PipeBiz HisPipeProcess hisPipe client 接入

2013-08-01 12:37:10 849 PipeBiz HisPipeProcess HisPipeProcess 线程退出！

2013-08-01 12:37:10 853 PipeBiz SamplePipeProcess samplePipe client 接入

2013-08-01 12:37:10 853 PipeBiz SamplePipeProcess SamplePipeProcess 线程退出！

2013-08-01 12:37:10 856 PipeBiz ComparePipeProcess comparePipe client 接入

2013-08-01 12:37:10 856 PipeBiz ComparePipeProcess ComparePipeProcess 线程退出！

2013-08-01 12:37:10 862 ChromatoFrm ChromatoFrm_Load Chromato 载入

2013-08-01 16:22:24 691 PipeBiz RealPipeProcess realPipe: A client 接入

2013-08-01 16:22:24 703 PipeBiz RealPipeProcess RealPipe1Process 线程退出！

2013-08-01 16:22:24 776 PipeBiz RealPipeProcess realPipe: C client 接入

2013-08-01 16:22:24 777 PipeBiz RealPipeProcess RealPipe1Process 线程退出！

2013-08-01 16:22:24 783 PipeBiz RealPipeProcess realPipe: D client 接入

2013-08-01 16:22:24 788 PipeBiz RealPipeProcess RealPipe1Process 线程退出！

2013-08-01 16:22:24 794 PipeBiz RealPipeProcess RealPipe1Process 线程退出！

2013-08-01 16:22:24 798 PipeBiz HisPipeProcess hisPipe client 接入

2013-08-01 16:22:24 807 PipeBiz HisPipeProcess HisPipeProcess 线程退出！

2013-08-01 16:22:24 812 PipeBiz ComparePipeProcess comparePipe client 接入

2013-08-01 16:22:24 816 PipeBiz ComparePipeProcess ComparePipeProcess 线程退出！

2013-08-01 16:22:24 818 PipeBiz SamplePipeProcess SamplePipeProcess 线程退出！

2013-08-01 16:22:24 826 ChromatoFrm ChromatoFrm_Load Chromato 载入

2013-08-01 16:22:25 129 ParaBiz 打开文件 文件不存在:D:\Chromato-v3-通用版\bin\Debug\db\201107\通道B_20110730140550.db3

2013-08-01 16:22:25 133 SqliteDbName ConnectDb 路径D:\Chromato-v3-通用版\bin\Debug\db\201107\通道B_20110730140550.db3 没有找到该文件!

2013-08-01 16:22:25 134 SqliteDbName ConnectDb 路径D:\Chromato-v3-通用版\bin\Debug\db\201107\通道B_20110730140550.db3 没有找到该文件!
