
2013-08-15 08:57:36 974 PipeBiz RealPipeProcess realPipe: A client 接入

2013-08-15 08:57:36 977 PipeBiz RealPipeProcess RealPipe1Process 线程退出！

2013-08-15 08:57:37 051 PipeBiz RealPipeProcess RealPipe1Process 线程退出！

2013-08-15 08:57:37 055 PipeBiz RealPipeProcess realPipe: C client 接入

2013-08-15 08:57:37 056 PipeBiz RealPipeProcess RealPipe1Process 线程退出！

2013-08-15 08:57:37 060 PipeBiz RealPipeProcess realPipe: D client 接入

2013-08-15 08:57:37 061 PipeBiz RealPipeProcess RealPipe1Process 线程退出！

2013-08-15 08:57:37 068 PipeBiz HisPipeProcess hisPipe client 接入

2013-08-15 08:57:37 068 PipeBiz HisPipeProcess HisPipeProcess 线程退出！

2013-08-15 08:57:37 073 PipeBiz SamplePipeProcess samplePipe client 接入

2013-08-15 08:57:37 074 PipeBiz SamplePipeProcess SamplePipeProcess 线程退出！

2013-08-15 08:57:37 076 PipeBiz ComparePipeProcess comparePipe client 接入

2013-08-15 08:57:37 077 PipeBiz ComparePipeProcess ComparePipeProcess 线程退出！

2013-08-15 08:57:37 115 ChromatoFrm ChromatoFrm_Load Chromato 载入

2013-08-15 08:57:37 427 ParaBiz 打开文件 文件不存在:D:\Chromato-v3-通用版\bin\Debug\db\201107\通道B_20110730140550.db3

2013-08-15 08:57:37 430 SqliteDbName ConnectDb 路径D:\Chromato-v3-通用版\bin\Debug\db\201107\通道B_20110730140550.db3 没有找到该文件!

2013-08-15 08:57:37 431 SqliteDbName ConnectDb 路径D:\Chromato-v3-通用版\bin\Debug\db\201107\通道B_20110730140550.db3 没有找到该文件!

2013-08-15 09:08:43 705   Chromato 区域放大

2013-08-15 09:08:46 879   Chromato 区域放大

2013-08-15 09:08:56 464 ParaBiz 打开文件 文件不存在:D:\Chromato-v3-通用版\bin\Debug\db\201107\通道C_20110730140550.db3

2013-08-15 09:08:56 466 SqliteDbName ConnectDb 路径D:\Chromato-v3-通用版\bin\Debug\db\201107\通道C_20110730140550.db3 没有找到该文件!

2013-08-15 09:08:56 467 SqliteDbName ConnectDb 路径D:\Chromato-v3-通用版\bin\Debug\db\201107\通道C_20110730140550.db3 没有找到该文件!

2013-08-15 09:08:57 979 ParaBiz 打开文件 文件不存在:D:\Chromato-v3-通用版\bin\Debug\db\201107\通道B_20110730140550.db3

2013-08-15 09:08:57 980 SqliteDbName ConnectDb 路径D:\Chromato-v3-通用版\bin\Debug\db\201107\通道B_20110730140550.db3 没有找到该文件!

2013-08-15 09:08:57 982 SqliteDbName ConnectDb 路径D:\Chromato-v3-通用版\bin\Debug\db\201107\通道B_20110730140550.db3 没有找到该文件!

2013-08-15 10:23:32 942 PipeBiz RealPipeProcess realPipe: A client 接入

2013-08-15 10:23:32 946 PipeBiz RealPipeProcess RealPipe1Process 线程退出！

2013-08-15 10:23:32 967 PipeBiz RealPipeProcess realPipe: B client 接入

2013-08-15 10:23:32 968 PipeBiz RealPipeProcess RealPipe1Process 线程退出！

2013-08-15 10:23:32 973 PipeBiz RealPipeProcess realPipe: C client 接入

2013-08-15 10:23:32 975 PipeBiz RealPipeProcess RealPipe1Process 线程退出！

2013-08-15 10:23:32 978 PipeBiz RealPipeProcess realPipe: D client 接入

2013-08-15 10:23:32 979 PipeBiz RealPipeProcess RealPipe1Process 线程退出！

2013-08-15 10:23:32 983 PipeBiz HisPipeProcess hisPipe client 接入

2013-08-15 10:23:32 984 PipeBiz HisPipeProcess HisPipeProcess 线程退出！

2013-08-15 10:23:32 987 PipeBiz SamplePipeProcess samplePipe client 接入

2013-08-15 10:23:32 987 PipeBiz SamplePipeProcess SamplePipeProcess 线程退出！

2013-08-15 10:23:32 990 PipeBiz ComparePipeProcess comparePipe client 接入

2013-08-15 10:23:32 992 PipeBiz ComparePipeProcess ComparePipeProcess 线程退出！

2013-08-15 10:23:33 000 ChromatoFrm ChromatoFrm_Load Chromato 载入

2013-08-15 10:23:33 188 ParaBiz 打开文件 文件不存在:D:\Chromato-v3-通用版\bin\Debug\db\201107\通道B_20110730140550.db3

2013-08-15 10:23:33 190 SqliteDbName ConnectDb 路径D:\Chromato-v3-通用版\bin\Debug\db\201107\通道B_20110730140550.db3 没有找到该文件!

2013-08-15 10:23:33 191 SqliteDbName ConnectDb 路径D:\Chromato-v3-通用版\bin\Debug\db\201107\通道B_20110730140550.db3 没有找到该文件!

2013-08-15 10:24:07 014 CommPort Close serial port closed

2013-08-15 10:24:07 206 CommPort OpenSict 端口“COM3”不存在。: open failed

2013-08-15 10:24:12 096 CommPort Close serial port closed

2013-08-15 10:24:12 102 CommPort OpenSict 端口“COM3”不存在。: open failed

2013-08-15 10:24:20 063 CommPort Close serial port closed

2013-08-15 10:24:20 073 CommPort OpenSict 端口“COM3”不存在。: open failed

2013-08-15 10:24:23 326 CommPort Close serial port closed

2013-08-15 10:24:23 338 CommPort OpenSict 端口“COM3”不存在。: open failed

2013-08-15 10:24:23 339 CommPort Close 打开串口COM3失败 ！

2013-08-15 10:24:34 151 CommPort Close serial port closed

2013-08-15 10:24:34 163 CommPort OpenSict 端口“COM3”不存在。: open failed

2013-08-15 10:25:02 157 CommPort CloseLoop count=0

2013-08-15 10:25:02 158 CommPort Close serial port closed

2013-08-15 10:25:04 567 CommPort Close serial port closed

2013-08-15 12:17:50 435 PipeBiz RealPipeProcess realPipe: A client 接入

2013-08-15 12:17:50 440 PipeBiz RealPipeProcess RealPipe1Process 线程退出！

2013-08-15 12:17:50 473 PipeBiz RealPipeProcess realPipe: B client 接入

2013-08-15 12:17:50 474 PipeBiz RealPipeProcess RealPipe1Process 线程退出！

2013-08-15 12:17:50 477 PipeBiz RealPipeProcess realPipe: C client 接入

2013-08-15 12:17:50 478 PipeBiz RealPipeProcess RealPipe1Process 线程退出！

2013-08-15 12:17:50 484 PipeBiz RealPipeProcess realPipe: D client 接入

2013-08-15 12:17:50 485 PipeBiz RealPipeProcess RealPipe1Process 线程退出！

2013-08-15 12:17:50 491 PipeBiz HisPipeProcess hisPipe client 接入

2013-08-15 12:17:50 492 PipeBiz HisPipeProcess HisPipeProcess 线程退出！

2013-08-15 12:17:50 495 PipeBiz SamplePipeProcess samplePipe client 接入

2013-08-15 12:17:50 496 PipeBiz SamplePipeProcess SamplePipeProcess 线程退出！

2013-08-15 12:17:50 500 PipeBiz ComparePipeProcess comparePipe client 接入

2013-08-15 12:17:50 501 PipeBiz ComparePipeProcess ComparePipeProcess 线程退出！

2013-08-15 12:17:50 508 ChromatoFrm ChromatoFrm_Load Chromato 载入

2013-08-15 12:17:50 695 ParaBiz 打开文件 文件不存在:D:\Chromato-v3-通用版\bin\Debug\db\201107\通道B_20110730140550.db3

2013-08-15 12:17:50 698 SqliteDbName ConnectDb 路径D:\Chromato-v3-通用版\bin\Debug\db\201107\通道B_20110730140550.db3 没有找到该文件!

2013-08-15 12:17:50 699 SqliteDbName ConnectDb 路径D:\Chromato-v3-通用版\bin\Debug\db\201107\通道B_20110730140550.db3 没有找到该文件!

2013-08-15 16:24:17 730 CommPort CloseLoop count=0

2013-08-15 16:24:17 731 CommPort Close serial port closed
