
2009-05-21 15:04:18 781 ChromatoFrm ChromatoFrm_Load Chromato 载入

2009-05-21 15:04:18 984 PipeBiz HisPipeProcess hisPipe client 接入

2009-05-21 15:04:19 000 PipeBiz RealPipeAProcess realPipe A client 接入

2009-05-21 15:04:19 000 PipeBiz RealPipeBProcess realPipe B client 接入

2009-05-21 15:04:19 015 PipeBiz HisPipeProcess HisPipeProcess 线程退出！

2009-05-21 15:04:19 031 PipeBiz RealPipeAProcess RealPipeAProcess 线程退出！

2009-05-21 15:04:19 062 PipeBiz RealPipeBProcess RealPipeBProcess 线程退出！

2009-05-21 17:34:15 687 ChromatoFrm ChromatoFrm_Load Chromato 载入

2009-05-21 17:34:15 890 PipeBiz HisPipeProcess hisPipe client 接入

2009-05-21 17:34:15 968 PipeBiz RealPipeAProcess realPipe A client 接入

2009-05-21 17:34:15 968 PipeBiz RealPipeBProcess realPipe B client 接入

2009-05-21 17:34:15 968 PipeBiz HisPipeProcess HisPipeProcess 线程退出！

2009-05-21 17:34:15 984 PipeBiz RealPipeAProcess RealPipeAProcess 线程退出！

2009-05-21 17:34:16 015 PipeBiz RealPipeBProcess RealPipeBProcess 线程退出！

2009-05-21 17:34:44 437  矩形放大模式 Chromato 区域放大

2009-05-21 17:35:00 218 TransSimuBiz SimuOnlineThread SimuOnlineThread Start: 2009:5:21 17:35:0 218

2009-05-21 17:35:01 000 TransSimuBiz SimuOnlineThread GraphBiz->SimuOnlineThread->Sleep 359.375 ms 

2009-05-21 17:35:01 000 TransSimuBiz SimuOnlineThread eclipse time = 781.25

2009-05-21 17:35:01 000 TransSimuBiz SimuOnlineThread needCount = 18000, EclipseCount = 10

2009-05-21 17:35:02 000 TransSimuBiz SimuOnlineThread GraphBiz->SimuOnlineThread->Sleep 875 ms 

2009-05-21 17:35:02 000 TransSimuBiz SimuOnlineThread eclipse time = 1781.25

2009-05-21 17:35:02 000 TransSimuBiz SimuOnlineThread needCount = 18000, EclipseCount = 20

2009-05-21 17:35:03 000 TransSimuBiz SimuOnlineThread GraphBiz->SimuOnlineThread->Sleep 875 ms 

2009-05-21 17:35:03 000 TransSimuBiz SimuOnlineThread eclipse time = 2781.25

2009-05-21 17:35:03 000 TransSimuBiz SimuOnlineThread needCount = 18000, EclipseCount = 30

2009-05-21 17:35:04 000 TransSimuBiz SimuOnlineThread GraphBiz->SimuOnlineThread->Sleep 875 ms 

2009-05-21 17:35:04 000 TransSimuBiz SimuOnlineThread eclipse time = 3781.25

2009-05-21 17:35:04 000 TransSimuBiz SimuOnlineThread needCount = 18000, EclipseCount = 40

2009-05-21 17:35:04 046 TransSimuBiz SimuOnlineThread SimuOnlineThread Finished: 2009:5:21 17:35:4 46

2009-05-21 17:35:13 468   Chromato 区域放大

2009-05-21 17:35:18 812   Chromato 区域放大

2009-05-21 17:35:28 656   Chromato 区域放大

2009-05-21 17:35:32 750  矩形放大模式 Chromato 区域放大

2009-05-21 17:35:50 796   Chromato 区域放大

2009-05-21 17:35:53 312   Chromato 水平放大

2009-05-21 17:35:55 515   Chromato 垂直放大

2009-05-21 17:35:58 093   Chromato 区域放大
